<?xml version="1.0" encoding="UTF-8"?>
<!-- Generated by org.testng.reporters.JUnitReportReporter -->
<testsuite hostname="DESKTOP-FQ8REV2" failures="0" tests="1" name="Tests.RF" time="6.951" errors="0" timestamp="2025-04-10T13:06:19 IST" skipped="0">
  <testcase classname="Tests.RF" name="Receive_Funds_Scenario" time="6.951">
    <system-out>
      <![CDATA[<b>✅ Clicked on the 'Receive Funds' TextView.</b>
<hr><b>📋 Summary of All Captured Addresses:</b><br>
🔹 <b>Currency:</b> Ethereum | <b>Address:</b> Failed to fetch | 📸 <b>Screenshot:</b> <a href='file:///Screenshot not available' target='_blank'>View</a><br>
🔹 <b>Currency:</b> Litecoin | <b>Address:</b> Failed to fetch | 📸 <b>Screenshot:</b> <a href='file:///Screenshot not available' target='_blank'>View</a><br>
📷 Screenshot [PASS]: <a href='test-output/screenshots/Receive_Funds_Scenario_PASS_20250410_130616.png'>View</a>]]>
    </system-out>
  </testcase> <!-- Receive_Funds_Scenario -->
  <system-out>
    <![CDATA[<b>✅ Clicked on the 'Receive Funds' TextView.</b>
<hr><b>📋 Summary of All Captured Addresses:</b><br>
🔹 <b>Currency:</b> Ethereum | <b>Address:</b> Failed to fetch | 📸 <b>Screenshot:</b> <a href='file:///Screenshot not available' target='_blank'>View</a><br>
🔹 <b>Currency:</b> Litecoin | <b>Address:</b> Failed to fetch | 📸 <b>Screenshot:</b> <a href='file:///Screenshot not available' target='_blank'>View</a><br>
📷 Screenshot [PASS]: <a href='test-output/screenshots/Receive_Funds_Scenario_PASS_20250410_130616.png'>View</a>]]>
  </system-out>
</testsuite> <!-- Tests.RF -->
