<?xml version="1.0" encoding="UTF-8"?>
<!-- Generated by org.testng.reporters.JUnitReportReporter -->
<testsuite hostname="DESKTOP-FQ8REV2" failures="0" tests="1" name="Tests.WalletTest" time="71.856" errors="0" timestamp="2025-04-09T17:32:49 IST" skipped="0">
  <testcase classname="Tests.WalletTest" name="WalletTestScenario" time="71.856">
    <system-out>
      <![CDATA[Clicked the 'Wallet' button.
Successfully clicked the 'Withdraw' button.
Successfully clicked the 'swap' Button.
Successfully clicked the 'Back Navigation' button.
Successfully clicked the 'Buy' Button 
An error occurred while interacting with the 'Swap' button: Expected condition failed: waiting for element to be clickable: Proxy element for: DefaultElementLocator 'By.xpath: //android.view.ViewGroup[@bounds='[33,117][91,176]']' (tried for 10 second(s) with 500 milliseconds interval)
An error occurred while interacting with the 'sell' SVG Path View: The element 'By.xpath: //android.widget.HorizontalScrollView/android.view.ViewGroup/android.view.ViewGroup[5]/com.horcrux.svg.SvgView/com.horcrux.svg.GroupView/com.horcrux.svg.GroupView/com.horcrux.svg.GroupView/com.horcrux.svg.PathView' does not exist in DOM anymore
For documentation on this error, please visit: https://www.selenium.dev/documentation/webdriver/troubleshooting/errors#stale-element-reference-exception
Build info: version: '4.31.0', revision: '1ef9f18787*'
System info: os.name: 'Windows 10', os.arch: 'amd64', os.version: '10.0', java.version: '23.0.2'
Driver info: io.appium.java_client.android.AndroidDriver
Command: [abbed200-b5f4-44d2-a9ad-b3da3c18eff3, isElementDisplayed {id=00000000-0000-0999-ffff-ffff00000398}]
Capabilities {appium:app: C://Users//hp//Downloads//P..., appium:appActivity: com.paycio.MainActivity, appium:appPackage: com.paycio, appium:automationName: UIAutomator2, appium:databaseEnabled: false, appium:desired: {app: C://Users//hp//Downloads//P..., automationName: UIAutomator2, deviceName: Vivo I2208 API 34, fullReset: false, noReset: true, platformName: ANDROID}, appium:deviceApiLevel: 34, appium:deviceManufacturer: vivo, appium:deviceModel: I2208, appium:deviceName: 10BD6C0Z8R000Y5, appium:deviceScreenDensity: 440, appium:deviceScreenSize: 1080x2408, appium:deviceUDID: 10BD6C0Z8R000Y5, appium:fullReset: false, appium:javascriptEnabled: true, appium:locationContextEnabled: false, appium:networkConnectionEnabled: true, appium:noReset: true, appium:pixelRatio: 2.75, appium:platformVersion: 14, appium:statBarHeight: 88, appium:takesScreenshot: true, appium:viewportRect: {height: 2320, left: 0, top: 88, width: 1080}, appium:warnings: {}, appium:webStorageEnabled: false, platformName: ANDROID}
Element: [[AndroidDriver:  on ANDROID (abbed200-b5f4-44d2-a9ad-b3da3c18eff3)] -> xpath: //android.widget.HorizontalScrollView/android.view.ViewGroup/android.view.ViewGroup[5]/com.horcrux.svg.SvgView/com.horcrux.svg.GroupView/com.horcrux.svg.GroupView/com.horcrux.svg.GroupView/com.horcrux.svg.PathView]
Session ID: abbed200-b5f4-44d2-a9ad-b3da3c18eff3
An error occurred while interacting with the 'Swap' button: The element 'By.xpath: //android.view.ViewGroup[@bounds='[33,117][91,176]']' does not exist in DOM anymore
For documentation on this error, please visit: https://www.selenium.dev/documentation/webdriver/troubleshooting/errors#stale-element-reference-exception
Build info: version: '4.31.0', revision: '1ef9f18787*'
System info: os.name: 'Windows 10', os.arch: 'amd64', os.version: '10.0', java.version: '23.0.2'
Driver info: io.appium.java_client.android.AndroidDriver
Command: [abbed200-b5f4-44d2-a9ad-b3da3c18eff3, clickElement {id=00000000-0000-0999-ffff-ffff00000d5a}]
Capabilities {appium:app: C://Users//hp//Downloads//P..., appium:appActivity: com.paycio.MainActivity, appium:appPackage: com.paycio, appium:automationName: UIAutomator2, appium:databaseEnabled: false, appium:desired: {app: C://Users//hp//Downloads//P..., automationName: UIAutomator2, deviceName: Vivo I2208 API 34, fullReset: false, noReset: true, platformName: ANDROID}, appium:deviceApiLevel: 34, appium:deviceManufacturer: vivo, appium:deviceModel: I2208, appium:deviceName: 10BD6C0Z8R000Y5, appium:deviceScreenDensity: 440, appium:deviceScreenSize: 1080x2408, appium:deviceUDID: 10BD6C0Z8R000Y5, appium:fullReset: false, appium:javascriptEnabled: true, appium:locationContextEnabled: false, appium:networkConnectionEnabled: true, appium:noReset: true, appium:pixelRatio: 2.75, appium:platformVersion: 14, appium:statBarHeight: 88, appium:takesScreenshot: true, appium:viewportRect: {height: 2320, left: 0, top: 88, width: 1080}, appium:warnings: {}, appium:webStorageEnabled: false, platformName: ANDROID}
Element: [[AndroidDriver:  on ANDROID (abbed200-b5f4-44d2-a9ad-b3da3c18eff3)] -> xpath: //android.view.ViewGroup[@bounds='[33,117][91,176]']]
Session ID: abbed200-b5f4-44d2-a9ad-b3da3c18eff3
📷 Screenshot [PASS]: <a href='test-output/screenshots/WalletTestScenario_PASS_20250409_173248.png'>View</a>]]>
    </system-out>
  </testcase> <!-- WalletTestScenario -->
  <system-out>
    <![CDATA[Clicked the 'Wallet' button.
Successfully clicked the 'Withdraw' button.
Successfully clicked the 'swap' Button.
Successfully clicked the 'Back Navigation' button.
Successfully clicked the 'Buy' Button 
An error occurred while interacting with the 'Swap' button: Expected condition failed: waiting for element to be clickable: Proxy element for: DefaultElementLocator 'By.xpath: //android.view.ViewGroup[@bounds='[33,117][91,176]']' (tried for 10 second(s) with 500 milliseconds interval)
An error occurred while interacting with the 'sell' SVG Path View: The element 'By.xpath: //android.widget.HorizontalScrollView/android.view.ViewGroup/android.view.ViewGroup[5]/com.horcrux.svg.SvgView/com.horcrux.svg.GroupView/com.horcrux.svg.GroupView/com.horcrux.svg.GroupView/com.horcrux.svg.PathView' does not exist in DOM anymore
For documentation on this error, please visit: https://www.selenium.dev/documentation/webdriver/troubleshooting/errors#stale-element-reference-exception
Build info: version: '4.31.0', revision: '1ef9f18787*'
System info: os.name: 'Windows 10', os.arch: 'amd64', os.version: '10.0', java.version: '23.0.2'
Driver info: io.appium.java_client.android.AndroidDriver
Command: [abbed200-b5f4-44d2-a9ad-b3da3c18eff3, isElementDisplayed {id=00000000-0000-0999-ffff-ffff00000398}]
Capabilities {appium:app: C://Users//hp//Downloads//P..., appium:appActivity: com.paycio.MainActivity, appium:appPackage: com.paycio, appium:automationName: UIAutomator2, appium:databaseEnabled: false, appium:desired: {app: C://Users//hp//Downloads//P..., automationName: UIAutomator2, deviceName: Vivo I2208 API 34, fullReset: false, noReset: true, platformName: ANDROID}, appium:deviceApiLevel: 34, appium:deviceManufacturer: vivo, appium:deviceModel: I2208, appium:deviceName: 10BD6C0Z8R000Y5, appium:deviceScreenDensity: 440, appium:deviceScreenSize: 1080x2408, appium:deviceUDID: 10BD6C0Z8R000Y5, appium:fullReset: false, appium:javascriptEnabled: true, appium:locationContextEnabled: false, appium:networkConnectionEnabled: true, appium:noReset: true, appium:pixelRatio: 2.75, appium:platformVersion: 14, appium:statBarHeight: 88, appium:takesScreenshot: true, appium:viewportRect: {height: 2320, left: 0, top: 88, width: 1080}, appium:warnings: {}, appium:webStorageEnabled: false, platformName: ANDROID}
Element: [[AndroidDriver:  on ANDROID (abbed200-b5f4-44d2-a9ad-b3da3c18eff3)] -> xpath: //android.widget.HorizontalScrollView/android.view.ViewGroup/android.view.ViewGroup[5]/com.horcrux.svg.SvgView/com.horcrux.svg.GroupView/com.horcrux.svg.GroupView/com.horcrux.svg.GroupView/com.horcrux.svg.PathView]
Session ID: abbed200-b5f4-44d2-a9ad-b3da3c18eff3
An error occurred while interacting with the 'Swap' button: The element 'By.xpath: //android.view.ViewGroup[@bounds='[33,117][91,176]']' does not exist in DOM anymore
For documentation on this error, please visit: https://www.selenium.dev/documentation/webdriver/troubleshooting/errors#stale-element-reference-exception
Build info: version: '4.31.0', revision: '1ef9f18787*'
System info: os.name: 'Windows 10', os.arch: 'amd64', os.version: '10.0', java.version: '23.0.2'
Driver info: io.appium.java_client.android.AndroidDriver
Command: [abbed200-b5f4-44d2-a9ad-b3da3c18eff3, clickElement {id=00000000-0000-0999-ffff-ffff00000d5a}]
Capabilities {appium:app: C://Users//hp//Downloads//P..., appium:appActivity: com.paycio.MainActivity, appium:appPackage: com.paycio, appium:automationName: UIAutomator2, appium:databaseEnabled: false, appium:desired: {app: C://Users//hp//Downloads//P..., automationName: UIAutomator2, deviceName: Vivo I2208 API 34, fullReset: false, noReset: true, platformName: ANDROID}, appium:deviceApiLevel: 34, appium:deviceManufacturer: vivo, appium:deviceModel: I2208, appium:deviceName: 10BD6C0Z8R000Y5, appium:deviceScreenDensity: 440, appium:deviceScreenSize: 1080x2408, appium:deviceUDID: 10BD6C0Z8R000Y5, appium:fullReset: false, appium:javascriptEnabled: true, appium:locationContextEnabled: false, appium:networkConnectionEnabled: true, appium:noReset: true, appium:pixelRatio: 2.75, appium:platformVersion: 14, appium:statBarHeight: 88, appium:takesScreenshot: true, appium:viewportRect: {height: 2320, left: 0, top: 88, width: 1080}, appium:warnings: {}, appium:webStorageEnabled: false, platformName: ANDROID}
Element: [[AndroidDriver:  on ANDROID (abbed200-b5f4-44d2-a9ad-b3da3c18eff3)] -> xpath: //android.view.ViewGroup[@bounds='[33,117][91,176]']]
Session ID: abbed200-b5f4-44d2-a9ad-b3da3c18eff3
📷 Screenshot [PASS]: <a href='test-output/screenshots/WalletTestScenario_PASS_20250409_173248.png'>View</a>]]>
  </system-out>
</testsuite> <!-- Tests.WalletTest -->
