<?xml version="1.0" encoding="UTF-8"?>
<!-- Generated by org.testng.reporters.JUnitReportReporter -->
<testsuite hostname="DESKTOP-FQ8REV2" failures="0" tests="11" name="Tests.PayToMobileNumber" time="841.620" errors="5" timestamp="2025-04-09T16:42:00 IST" skipped="0">
  <testcase classname="Tests.PayToMobileNumber" name="testPayToMobileWithVariousInputs" time="58.188">
    <system-out>
      <![CDATA[<hr><b>ğŸš€ Starting Test Scenario</b>
ğŸ” <b>Test Type:</b> Valid - Not Registered | <b>Input:</b> 7734567890
<b>âœ… Clicked on the 'Pay to Mobile Number' TextView.</b>
<b>â± Execution Time for clickPayToMobileNumber(): 9789 ms</b>
ğŸ“² Intended to enter: 7734567890
ğŸ“ Actual text in field: 7734567890
<b>â± Execution Time: 4902 ms</b>
âœ… Confirmed input shown on UI: <b>7734567890</b>
âœ… Element is visible and displayed
ğŸ“¨ Send button clicked successfully.
<b style='color: orange;'>âš ï¸ 'Attention!' alert is visible on the screen.</b>
<b style='color:green;'>âœ… Successfully clicked on 'I understand' button.</b>
ğŸ“¸ Screenshot embedded below:
<br><a href='screenshots/Clicked_I_Understand_20250409_162951.png' target='_blank'><img src='screenshots/Clicked_I_Understand_20250409_162951.png' height='150'/></a><br>
âœ… Entered amount: 10.3
<b>â± Execution Time for enterAmount(): 4299 ms</b>
âœ… Clicked on 'TrueUSD, TUSD, Ethereum Network'.
<b>â± Execution Time for TrueUSD, TUSD, Ethereum Network(): 2377 ms</b>
âœ… Successfully clicked on USDC checkbox.
<b>â± Execution Time for clickUSDCElement(): 1413 ms</b>
âœ… Clicked on 'Confirm' button.
<b>â± Execution Time for clickConfirmButton(): 928 ms</b>
âœ… Pay Button Found. Clicking on it...
âœ… Pay Button Clicked Successfully
<b>â± Execution Time for clickOnPayButton(): 1830 ms</b>
âœ… Successfully entered PIN: 2580
ğŸ”¢ Entered PIN: 2580
<b>âœ… Clicked on 'Submit' button in UCPI page.</b>
âœ… No error message displayed after entering PIN: 2580
<b style='color: white; background-color: red;'>âŒ Error: Unfortunately, we are unable to process this transaction as the receiver information is unknown.</b>
ğŸ“¸ Screenshot embedded below:
<br><a href='screenshots/ReceiverInfoError_20250409_163023.png' target='_blank'><img src='screenshots/ReceiverInfoError_20250409_163023.png' height='150'/></a><br>
ğŸ“¸ Screenshot embedded below:
<br><a href='screenshots/OkayButtonVisible_20250409_163024.png' target='_blank'><img src='screenshots/OkayButtonVisible_20250409_163024.png' height='150'/></a><br>
âœ… Clicked on 'Okay' button.
<b>âœ… Pressed the Android system Back button.</b>
<b>âœ… Pressed the Android system Back button.</b>
âœ… Test completed for input: <b>7734567890</b> (Valid - Not Registered)
<hr>]]>
    </system-out>
  </testcase> <!-- testPayToMobileWithVariousInputs -->
  <testcase classname="Tests.PayToMobileNumber" name="testPayToMobileWithVariousInputs" time="99.887">
    <error message="Expected condition failed: waiting for presence of element located by: AppiumBy.androidUIAutomator: new UiSelector().className(&quot;android.widget.EditText&quot;) (tried for 20 second(s) with 500 milliseconds interval)" type="org.openqa.selenium.TimeoutException">
      <![CDATA[org.openqa.selenium.TimeoutException: Expected condition failed: waiting for presence of element located by: AppiumBy.androidUIAutomator: new UiSelector().className("android.widget.EditText") (tried for 20 second(s) with 500 milliseconds interval)
at org.openqa.selenium.support.ui.WebDriverWait.timeoutException(WebDriverWait.java:84)
at org.openqa.selenium.support.ui.FluentWait.until(FluentWait.java:228)
at pages.OperationsButton.enterAmount(OperationsButton.java:671)
at Tests.PayToMobileNumber.testPayToMobileWithVariousInputs(PayToMobileNumber.java:72)
at java.base/jdk.internal.reflect.DirectMethodHandleAccessor.invoke(DirectMethodHandleAccessor.java:103)
at java.base/java.lang.reflect.Method.invoke(Method.java:580)
at org.testng.internal.invokers.MethodInvocationHelper.invokeMethod(MethodInvocationHelper.java:141)
at org.testng.internal.invokers.TestInvoker.invokeMethod(TestInvoker.java:686)
at org.testng.internal.invokers.TestInvoker.invokeTestMethod(TestInvoker.java:230)
at org.testng.internal.invokers.MethodRunner.runInSequence(MethodRunner.java:63)
at org.testng.internal.invokers.TestInvoker$MethodInvocationAgent.invoke(TestInvoker.java:992)
at org.testng.internal.invokers.TestInvoker.invokeTestMethods(TestInvoker.java:203)
at org.testng.internal.invokers.TestMethodWorker.invokeTestMethods(TestMethodWorker.java:154)
at org.testng.internal.invokers.TestMethodWorker.run(TestMethodWorker.java:134)
at java.base/java.util.ArrayList.forEach(ArrayList.java:1597)
at org.testng.TestRunner.privateRun(TestRunner.java:739)
at org.testng.TestRunner.run(TestRunner.java:614)
at org.testng.SuiteRunner.runTest(SuiteRunner.java:421)
at org.testng.SuiteRunner.runSequentially(SuiteRunner.java:413)
at org.testng.SuiteRunner.privateRun(SuiteRunner.java:373)
at org.testng.SuiteRunner.run(SuiteRunner.java:312)
at org.testng.SuiteRunnerWorker.runSuite(SuiteRunnerWorker.java:52)
at org.testng.SuiteRunnerWorker.run(SuiteRunnerWorker.java:95)
at org.testng.TestNG.runSuitesSequentially(TestNG.java:1274)
at org.testng.TestNG.runSuitesLocally(TestNG.java:1208)
at org.testng.TestNG.runSuites(TestNG.java:1112)
at org.testng.TestNG.run(TestNG.java:1079)
at com.intellij.rt.testng.IDEARemoteTestNG.run(IDEARemoteTestNG.java:65)
at com.intellij.rt.testng.RemoteTestNGStarter.main(RemoteTestNGStarter.java:105)
Caused by: org.openqa.selenium.NoSuchElementException: An element could not be located on the page using the given search parameters.
For documentation on this error, please visit: https://www.selenium.dev/documentation/webdriver/troubleshooting/errors#no-such-element-exception
Build info: version: '4.29.0', revision: '5fc1ec94cb'
System info: os.name: 'Windows 10', os.arch: 'amd64', os.version: '10.0', java.version: '23.0.2'
Driver info: io.appium.java_client.android.AndroidDriver
Command: [c99095e0-150b-4bca-8532-36c760a57bec, findElement {using=-android uiautomator, value=new UiSelector().className("android.widget.EditText")}]
Capabilities {appium:app: C://Users//hp//Downloads//P..., appium:appActivity: com.paycio.MainActivity, appium:appPackage: com.paycio, appium:automationName: UIAutomator2, appium:databaseEnabled: false, appium:desired: {app: C://Users//hp//Downloads//P..., automationName: UIAutomator2, deviceName: Vivo I2208 API 34, fullReset: false, noReset: true, platformName: ANDROID}, appium:deviceApiLevel: 34, appium:deviceManufacturer: vivo, appium:deviceModel: I2208, appium:deviceName: 10BD6C0Z8R000Y5, appium:deviceScreenDensity: 440, appium:deviceScreenSize: 1080x2408, appium:deviceUDID: 10BD6C0Z8R000Y5, appium:fullReset: false, appium:javascriptEnabled: true, appium:locationContextEnabled: false, appium:networkConnectionEnabled: true, appium:noReset: true, appium:pixelRatio: 2.75, appium:platformVersion: 14, appium:statBarHeight: 88, appium:takesScreenshot: true, appium:viewportRect: {height: 2320, left: 0, top: 88, width: 1080}, appium:warnings: {}, appium:webStorageEnabled: false, platformName: ANDROID}
Session ID: c99095e0-150b-4bca-8532-36c760a57bec
at java.base/jdk.internal.reflect.DirectConstructorHandleAccessor.newInstance(DirectConstructorHandleAccessor.java:62)
at java.base/java.lang.reflect.Constructor.newInstanceWithCaller(Constructor.java:501)
at java.base/java.lang.reflect.Constructor.newInstance(Constructor.java:485)
at org.openqa.selenium.remote.ErrorCodec.decode(ErrorCodec.java:167)
at org.openqa.selenium.remote.codec.w3c.W3CHttpResponseCodec.decode(W3CHttpResponseCodec.java:138)
at org.openqa.selenium.remote.codec.w3c.W3CHttpResponseCodec.decode(W3CHttpResponseCodec.java:50)
at org.openqa.selenium.remote.HttpCommandExecutor.execute(HttpCommandExecutor.java:215)
at io.appium.java_client.remote.AppiumCommandExecutor.execute(AppiumCommandExecutor.java:237)
at org.openqa.selenium.remote.RemoteWebDriver.execute(RemoteWebDriver.java:545)
at org.openqa.selenium.remote.ElementLocation$ElementFinder$2.findElement(ElementLocation.java:165)
at org.openqa.selenium.remote.ElementLocation.findElement(ElementLocation.java:59)
at org.openqa.selenium.remote.RemoteWebDriver.findElement(RemoteWebDriver.java:368)
at org.openqa.selenium.remote.RemoteWebDriver.findElement(RemoteWebDriver.java:362)
at org.openqa.selenium.support.ui.ExpectedConditions$6.apply(ExpectedConditions.java:171)
at org.openqa.selenium.support.ui.ExpectedConditions$6.apply(ExpectedConditions.java:168)
at org.openqa.selenium.support.ui.FluentWait.until(FluentWait.java:203)
... 27 more
]]>
    </error>
    <system-out>
      <![CDATA[<hr><b>ğŸš€ Starting Test Scenario</b>
ğŸ” <b>Test Type:</b> Empty input | <b>Input:</b> 
<b>âœ… Clicked on the 'Pay to Mobile Number' TextView.</b>
<b>â± Execution Time for clickPayToMobileNumber(): 3823 ms</b>
ğŸ“² Intended to enter: 
ğŸ“ Actual text in field: Enter Number / Name
<b>â± Execution Time: 6637 ms</b>
âœ… Confirmed input shown on UI: <b>Enter Number / Name</b>
âœ… Element is visible and displayed
âŒ Exception occurred while checking element or clicking Send: Expected condition failed: waiting for element to be clickable: AppiumBy.androidUIAutomator: new UiSelector().className("android.widget.TextView").text("Send").packageName("com.paycio").enabled(true).clickable(false).longClickable(false).checkable(false).checked(false).focusable(false).focused(false).scrollable(false).selected(false).index(0) (tried for 20 second(s) with 500 milliseconds interval)
Build info: version: '4.29.0', revision: '5fc1ec94cb'
System info: os.name: 'Windows 10', os.arch: 'amd64', os.version: '10.0', java.version: '23.0.2'
Driver info: io.appium.java_client.android.AndroidDriver
Capabilities {appium:app: C://Users//hp//Downloads//P..., appium:appActivity: com.paycio.MainActivity, appium:appPackage: com.paycio, appium:automationName: UIAutomator2, appium:databaseEnabled: false, appium:desired: {app: C://Users//hp//Downloads//P..., automationName: UIAutomator2, deviceName: Vivo I2208 API 34, fullReset: false, noReset: true, platformName: ANDROID}, appium:deviceApiLevel: 34, appium:deviceManufacturer: vivo, appium:deviceModel: I2208, appium:deviceName: 10BD6C0Z8R000Y5, appium:deviceScreenDensity: 440, appium:deviceScreenSize: 1080x2408, appium:deviceUDID: 10BD6C0Z8R000Y5, appium:fullReset: false, appium:javascriptEnabled: true, appium:locationContextEnabled: false, appium:networkConnectionEnabled: true, appium:noReset: true, appium:pixelRatio: 2.75, appium:platformVersion: 14, appium:statBarHeight: 88, appium:takesScreenshot: true, appium:viewportRect: {height: 2320, left: 0, top: 88, width: 1080}, appium:warnings: {}, appium:webStorageEnabled: false, platformName: ANDROID}
Session ID: c99095e0-150b-4bca-8532-36c760a57bec
<b style='color: red;'>âŒ 'Attention!' element not found on screen.</b>
<b style='color:red;'>âŒ 'I understand' button not found or not clickable.</b>
ğŸ“¸ Screenshot embedded below:
<br><a href='screenshots/Understand_Button_NotFound_20250409_164000.png' target='_blank'><img src='screenshots/Understand_Button_NotFound_20250409_164000.png' height='150'/></a><br>
âŒ Failed to enter amount: Expected condition failed: waiting for presence of element located by: AppiumBy.androidUIAutomator: new UiSelector().className("android.widget.EditText") (tried for 20 second(s) with 500 milliseconds interval)
<b>â± Execution Time for enterAmount(): 20673 ms</b>]]>
    </system-out>
  </testcase> <!-- testPayToMobileWithVariousInputs -->
  <testcase classname="Tests.PayToMobileNumber" name="testPayToMobileWithVariousInputs" time="48.019">
    <system-out>
      <![CDATA[<hr><b>ğŸš€ Starting Test Scenario</b>
ğŸ” <b>Test Type:</b> Min boundary | <b>Input:</b> 8000000000
<b>âœ… Clicked on the 'Pay to Mobile Number' TextView.</b>
<b>â± Execution Time for clickPayToMobileNumber(): 3389 ms</b>
ğŸ“² Intended to enter: 8000000000
ğŸ“ Actual text in field: 8000000000
<b>â± Execution Time: 6526 ms</b>
âœ… Confirmed input shown on UI: <b>8000000000</b>
âœ… Element is visible and displayed
ğŸ“¨ Send button clicked successfully.
<b style='color: orange;'>âš ï¸ 'Attention!' alert is visible on the screen.</b>
<b style='color:green;'>âœ… Successfully clicked on 'I understand' button.</b>
ğŸ“¸ Screenshot embedded below:
<br><a href='screenshots/Clicked_I_Understand_20250409_163224.png' target='_blank'><img src='screenshots/Clicked_I_Understand_20250409_163224.png' height='150'/></a><br>
âœ… Entered amount: 10.3
<b>â± Execution Time for enterAmount(): 3953 ms</b>
âœ… Clicked on 'TrueUSD, TUSD, Ethereum Network'.
<b>â± Execution Time for TrueUSD, TUSD, Ethereum Network(): 1360 ms</b>
âœ… Successfully clicked on USDC checkbox.
<b>â± Execution Time for clickUSDCElement(): 2333 ms</b>
âœ… Clicked on 'Confirm' button.
<b>â± Execution Time for clickConfirmButton(): 781 ms</b>
âœ… Pay Button Found. Clicking on it...
âœ… Pay Button Clicked Successfully
<b>â± Execution Time for clickOnPayButton(): 2112 ms</b>
âœ… Successfully entered PIN: 2580
ğŸ”¢ Entered PIN: 2580
<b>âœ… Clicked on 'Submit' button in UCPI page.</b>
âœ… No error message displayed after entering PIN: 2580
<b style='color: white; background-color: red;'>âŒ Error: Unfortunately, we are unable to process this transaction as the receiver information is unknown.</b>
ğŸ“¸ Screenshot embedded below:
<br><a href='screenshots/ReceiverInfoError_20250409_163251.png' target='_blank'><img src='screenshots/ReceiverInfoError_20250409_163251.png' height='150'/></a><br>
ğŸ“¸ Screenshot embedded below:
<br><a href='screenshots/OkayButtonVisible_20250409_163253.png' target='_blank'><img src='screenshots/OkayButtonVisible_20250409_163253.png' height='150'/></a><br>
âœ… Clicked on 'Okay' button.
<b>âœ… Pressed the Android system Back button.</b>
<b>âœ… Pressed the Android system Back button.</b>
âœ… Test completed for input: <b>8000000000</b> (Min boundary)
<hr>]]>
    </system-out>
  </testcase> <!-- testPayToMobileWithVariousInputs -->
  <testcase classname="Tests.PayToMobileNumber" name="testPayToMobileWithVariousInputs" time="94.382">
    <error message="Expected condition failed: waiting for presence of element located by: AppiumBy.androidUIAutomator: new UiSelector().className(&quot;android.widget.EditText&quot;) (tried for 20 second(s) with 500 milliseconds interval)" type="org.openqa.selenium.TimeoutException">
      <![CDATA[org.openqa.selenium.TimeoutException: Expected condition failed: waiting for presence of element located by: AppiumBy.androidUIAutomator: new UiSelector().className("android.widget.EditText") (tried for 20 second(s) with 500 milliseconds interval)
at org.openqa.selenium.support.ui.WebDriverWait.timeoutException(WebDriverWait.java:84)
at org.openqa.selenium.support.ui.FluentWait.until(FluentWait.java:228)
at pages.OperationsButton.enterAmount(OperationsButton.java:671)
at Tests.PayToMobileNumber.testPayToMobileWithVariousInputs(PayToMobileNumber.java:72)
at java.base/jdk.internal.reflect.DirectMethodHandleAccessor.invoke(DirectMethodHandleAccessor.java:103)
at java.base/java.lang.reflect.Method.invoke(Method.java:580)
at org.testng.internal.invokers.MethodInvocationHelper.invokeMethod(MethodInvocationHelper.java:141)
at org.testng.internal.invokers.TestInvoker.invokeMethod(TestInvoker.java:686)
at org.testng.internal.invokers.TestInvoker.invokeTestMethod(TestInvoker.java:230)
at org.testng.internal.invokers.MethodRunner.runInSequence(MethodRunner.java:63)
at org.testng.internal.invokers.TestInvoker$MethodInvocationAgent.invoke(TestInvoker.java:992)
at org.testng.internal.invokers.TestInvoker.invokeTestMethods(TestInvoker.java:203)
at org.testng.internal.invokers.TestMethodWorker.invokeTestMethods(TestMethodWorker.java:154)
at org.testng.internal.invokers.TestMethodWorker.run(TestMethodWorker.java:134)
at java.base/java.util.ArrayList.forEach(ArrayList.java:1597)
at org.testng.TestRunner.privateRun(TestRunner.java:739)
at org.testng.TestRunner.run(TestRunner.java:614)
at org.testng.SuiteRunner.runTest(SuiteRunner.java:421)
at org.testng.SuiteRunner.runSequentially(SuiteRunner.java:413)
at org.testng.SuiteRunner.privateRun(SuiteRunner.java:373)
at org.testng.SuiteRunner.run(SuiteRunner.java:312)
at org.testng.SuiteRunnerWorker.runSuite(SuiteRunnerWorker.java:52)
at org.testng.SuiteRunnerWorker.run(SuiteRunnerWorker.java:95)
at org.testng.TestNG.runSuitesSequentially(TestNG.java:1274)
at org.testng.TestNG.runSuitesLocally(TestNG.java:1208)
at org.testng.TestNG.runSuites(TestNG.java:1112)
at org.testng.TestNG.run(TestNG.java:1079)
at com.intellij.rt.testng.IDEARemoteTestNG.run(IDEARemoteTestNG.java:65)
at com.intellij.rt.testng.RemoteTestNGStarter.main(RemoteTestNGStarter.java:105)
Caused by: org.openqa.selenium.NoSuchElementException: An element could not be located on the page using the given search parameters.
For documentation on this error, please visit: https://www.selenium.dev/documentation/webdriver/troubleshooting/errors#no-such-element-exception
Build info: version: '4.29.0', revision: '5fc1ec94cb'
System info: os.name: 'Windows 10', os.arch: 'amd64', os.version: '10.0', java.version: '23.0.2'
Driver info: io.appium.java_client.android.AndroidDriver
Command: [c99095e0-150b-4bca-8532-36c760a57bec, findElement {using=-android uiautomator, value=new UiSelector().className("android.widget.EditText")}]
Capabilities {appium:app: C://Users//hp//Downloads//P..., appium:appActivity: com.paycio.MainActivity, appium:appPackage: com.paycio, appium:automationName: UIAutomator2, appium:databaseEnabled: false, appium:desired: {app: C://Users//hp//Downloads//P..., automationName: UIAutomator2, deviceName: Vivo I2208 API 34, fullReset: false, noReset: true, platformName: ANDROID}, appium:deviceApiLevel: 34, appium:deviceManufacturer: vivo, appium:deviceModel: I2208, appium:deviceName: 10BD6C0Z8R000Y5, appium:deviceScreenDensity: 440, appium:deviceScreenSize: 1080x2408, appium:deviceUDID: 10BD6C0Z8R000Y5, appium:fullReset: false, appium:javascriptEnabled: true, appium:locationContextEnabled: false, appium:networkConnectionEnabled: true, appium:noReset: true, appium:pixelRatio: 2.75, appium:platformVersion: 14, appium:statBarHeight: 88, appium:takesScreenshot: true, appium:viewportRect: {height: 2320, left: 0, top: 88, width: 1080}, appium:warnings: {}, appium:webStorageEnabled: false, platformName: ANDROID}
Session ID: c99095e0-150b-4bca-8532-36c760a57bec
at java.base/jdk.internal.reflect.DirectConstructorHandleAccessor.newInstance(DirectConstructorHandleAccessor.java:62)
at java.base/java.lang.reflect.Constructor.newInstanceWithCaller(Constructor.java:501)
at java.base/java.lang.reflect.Constructor.newInstance(Constructor.java:485)
at org.openqa.selenium.remote.ErrorCodec.decode(ErrorCodec.java:167)
at org.openqa.selenium.remote.codec.w3c.W3CHttpResponseCodec.decode(W3CHttpResponseCodec.java:138)
at org.openqa.selenium.remote.codec.w3c.W3CHttpResponseCodec.decode(W3CHttpResponseCodec.java:50)
at org.openqa.selenium.remote.HttpCommandExecutor.execute(HttpCommandExecutor.java:215)
at io.appium.java_client.remote.AppiumCommandExecutor.execute(AppiumCommandExecutor.java:237)
at org.openqa.selenium.remote.RemoteWebDriver.execute(RemoteWebDriver.java:545)
at org.openqa.selenium.remote.ElementLocation$ElementFinder$2.findElement(ElementLocation.java:165)
at org.openqa.selenium.remote.ElementLocation.findElement(ElementLocation.java:59)
at org.openqa.selenium.remote.RemoteWebDriver.findElement(RemoteWebDriver.java:368)
at org.openqa.selenium.remote.RemoteWebDriver.findElement(RemoteWebDriver.java:362)
at org.openqa.selenium.support.ui.ExpectedConditions$6.apply(ExpectedConditions.java:171)
at org.openqa.selenium.support.ui.ExpectedConditions$6.apply(ExpectedConditions.java:168)
at org.openqa.selenium.support.ui.FluentWait.until(FluentWait.java:203)
... 27 more
]]>
    </error>
    <system-out>
      <![CDATA[<hr><b>ğŸš€ Starting Test Scenario</b>
ğŸ” <b>Test Type:</b> Above Max - Invalid | <b>Input:</b> 10000000000
<b>âœ… Clicked on the 'Pay to Mobile Number' TextView.</b>
<b>â± Execution Time for clickPayToMobileNumber(): 2813 ms</b>
ğŸ“² Intended to enter: 10000000000
ğŸ“ Actual text in field: 10000000000
<b>â± Execution Time: 5506 ms</b>
âœ… Confirmed input shown on UI: <b>10000000000</b>
âœ… Element is visible and displayed
âŒ Exception occurred while checking element or clicking Send: Expected condition failed: waiting for element to be clickable: AppiumBy.androidUIAutomator: new UiSelector().className("android.widget.TextView").text("Send").packageName("com.paycio").enabled(true).clickable(false).longClickable(false).checkable(false).checked(false).focusable(false).focused(false).scrollable(false).selected(false).index(0) (tried for 20 second(s) with 500 milliseconds interval)
Build info: version: '4.29.0', revision: '5fc1ec94cb'
System info: os.name: 'Windows 10', os.arch: 'amd64', os.version: '10.0', java.version: '23.0.2'
Driver info: io.appium.java_client.android.AndroidDriver
Capabilities {appium:app: C://Users//hp//Downloads//P..., appium:appActivity: com.paycio.MainActivity, appium:appPackage: com.paycio, appium:automationName: UIAutomator2, appium:databaseEnabled: false, appium:desired: {app: C://Users//hp//Downloads//P..., automationName: UIAutomator2, deviceName: Vivo I2208 API 34, fullReset: false, noReset: true, platformName: ANDROID}, appium:deviceApiLevel: 34, appium:deviceManufacturer: vivo, appium:deviceModel: I2208, appium:deviceName: 10BD6C0Z8R000Y5, appium:deviceScreenDensity: 440, appium:deviceScreenSize: 1080x2408, appium:deviceUDID: 10BD6C0Z8R000Y5, appium:fullReset: false, appium:javascriptEnabled: true, appium:locationContextEnabled: false, appium:networkConnectionEnabled: true, appium:noReset: true, appium:pixelRatio: 2.75, appium:platformVersion: 14, appium:statBarHeight: 88, appium:takesScreenshot: true, appium:viewportRect: {height: 2320, left: 0, top: 88, width: 1080}, appium:warnings: {}, appium:webStorageEnabled: false, platformName: ANDROID}
Session ID: c99095e0-150b-4bca-8532-36c760a57bec
<b style='color: red;'>âŒ 'Attention!' element not found on screen.</b>
<b style='color:red;'>âŒ 'I understand' button not found or not clickable.</b>
ğŸ“¸ Screenshot embedded below:
<br><a href='screenshots/Understand_Button_NotFound_20250409_163453.png' target='_blank'><img src='screenshots/Understand_Button_NotFound_20250409_163453.png' height='150'/></a><br>
âŒ Failed to enter amount: Expected condition failed: waiting for presence of element located by: AppiumBy.androidUIAutomator: new UiSelector().className("android.widget.EditText") (tried for 20 second(s) with 500 milliseconds interval)
<b>â± Execution Time for enterAmount(): 20584 ms</b>]]>
    </system-out>
  </testcase> <!-- testPayToMobileWithVariousInputs -->
  <testcase classname="Tests.PayToMobileNumber" name="testPayToMobileWithVariousInputs" time="46.085">
    <system-out>
      <![CDATA[<hr><b>ğŸš€ Starting Test Scenario</b>
ğŸ” <b>Test Type:</b> Below Min - Invalid | <b>Input:</b> 7999999999
<b>âœ… Clicked on the 'Pay to Mobile Number' TextView.</b>
<b>â± Execution Time for clickPayToMobileNumber(): 3558 ms</b>
ğŸ“² Intended to enter: 7999999999
ğŸ“ Actual text in field: 7999999999
<b>â± Execution Time: 7475 ms</b>
âœ… Confirmed input shown on UI: <b>7999999999</b>
âœ… Element is visible and displayed
ğŸ“¨ Send button clicked successfully.
<b style='color: orange;'>âš ï¸ 'Attention!' alert is visible on the screen.</b>
<b style='color:green;'>âœ… Successfully clicked on 'I understand' button.</b>
ğŸ“¸ Screenshot embedded below:
<br><a href='screenshots/Clicked_I_Understand_20250409_163312.png' target='_blank'><img src='screenshots/Clicked_I_Understand_20250409_163312.png' height='150'/></a><br>
âœ… Entered amount: 10.3
<b>â± Execution Time for enterAmount(): 4256 ms</b>
âœ… Clicked on 'TrueUSD, TUSD, Ethereum Network'.
<b>â± Execution Time for TrueUSD, TUSD, Ethereum Network(): 2296 ms</b>
âœ… Successfully clicked on USDC checkbox.
<b>â± Execution Time for clickUSDCElement(): 2873 ms</b>
âœ… Clicked on 'Confirm' button.
<b>â± Execution Time for clickConfirmButton(): 408 ms</b>
âœ… Pay Button Found. Clicking on it...
âœ… Pay Button Clicked Successfully
<b>â± Execution Time for clickOnPayButton(): 546 ms</b>
âœ… Successfully entered PIN: 2580
ğŸ”¢ Entered PIN: 2580
<b>âœ… Clicked on 'Submit' button in UCPI page.</b>
âœ… No error message displayed after entering PIN: 2580
<b style='color: white; background-color: red;'>âŒ Error: Unfortunately, we are unable to process this transaction as the receiver information is unknown.</b>
ğŸ“¸ Screenshot embedded below:
<br><a href='screenshots/ReceiverInfoError_20250409_163338.png' target='_blank'><img src='screenshots/ReceiverInfoError_20250409_163338.png' height='150'/></a><br>
ğŸ“¸ Screenshot embedded below:
<br><a href='screenshots/OkayButtonVisible_20250409_163339.png' target='_blank'><img src='screenshots/OkayButtonVisible_20250409_163339.png' height='150'/></a><br>
âœ… Clicked on 'Okay' button.
<b>âœ… Pressed the Android system Back button.</b>
<b>âœ… Pressed the Android system Back button.</b>
âœ… Test completed for input: <b>7999999999</b> (Below Min - Invalid)
<hr>]]>
    </system-out>
  </testcase> <!-- testPayToMobileWithVariousInputs -->
  <testcase classname="Tests.PayToMobileNumber" name="testPayToMobileWithVariousInputs" time="93.640">
    <system-out>
      <![CDATA[<hr><b>ğŸš€ Starting Test Scenario</b>
ğŸ” <b>Test Type:</b> Valid - Registered | <b>Input:</b> 9830567890
<b>âœ… Clicked on the 'Pay to Mobile Number' TextView.</b>
<b>â± Execution Time for clickPayToMobileNumber(): 6990 ms</b>
ğŸ“² Intended to enter: 9830567890
ğŸ“ Actual text in field: 9830567890
<b>â± Execution Time: 5634 ms</b>
âœ… Confirmed input shown on UI: <b>9830567890</b>
âœ… Element is visible and displayed
ğŸ“¨ Send button clicked successfully.
<b style='color: orange;'>âš ï¸ 'Attention!' alert is visible on the screen.</b>
<b style='color:green;'>âœ… Successfully clicked on 'I understand' button.</b>
ğŸ“¸ Screenshot embedded below:
<br><a href='screenshots/Clicked_I_Understand_20250409_162818.png' target='_blank'><img src='screenshots/Clicked_I_Understand_20250409_162818.png' height='150'/></a><br>
âœ… Entered amount: 10.3
<b>â± Execution Time for enterAmount(): 2978 ms</b>
âœ… Clicked on 'TrueUSD, TUSD, Ethereum Network'.
<b>â± Execution Time for TrueUSD, TUSD, Ethereum Network(): 2454 ms</b>
âœ… Successfully clicked on USDC checkbox.
<b>â± Execution Time for clickUSDCElement(): 1462 ms</b>
âœ… Clicked on 'Confirm' button.
<b>â± Execution Time for clickConfirmButton(): 644 ms</b>
âœ… Pay Button Found. Clicking on it...
âœ… Pay Button Clicked Successfully
<b>â± Execution Time for clickOnPayButton(): 1708 ms</b>
âœ… Successfully entered PIN: 2580
ğŸ”¢ Entered PIN: 2580
<b>âœ… Clicked on 'Submit' button in UCPI page.</b>
âœ… No error message displayed after entering PIN: 2580
âœ… No 'Receiver information unknown' error appeared.
âš ï¸ 'Okay' button not found within timeout.
<b>âœ… Pressed the Android system Back button.</b>
<b>âœ… Pressed the Android system Back button.</b>
âœ… Test completed for input: <b>9830567890</b> (Valid - Registered)
<hr>]]>
    </system-out>
  </testcase> <!-- testPayToMobileWithVariousInputs -->
  <testcase classname="Tests.PayToMobileNumber" name="testPayToMobileWithVariousInputs" time="99.679">
    <error message="Expected condition failed: waiting for presence of element located by: AppiumBy.androidUIAutomator: new UiSelector().className(&quot;android.view.ViewGroup&quot;).description(&quot;USDC, USDC, Ethereum Network&quot;) (tried for 20 second(s) with 500 milliseconds interval)" type="org.openqa.selenium.TimeoutException">
      <![CDATA[org.openqa.selenium.TimeoutException: Expected condition failed: waiting for presence of element located by: AppiumBy.androidUIAutomator: new UiSelector().className("android.view.ViewGroup").description("USDC, USDC, Ethereum Network") (tried for 20 second(s) with 500 milliseconds interval)
at org.openqa.selenium.support.ui.WebDriverWait.timeoutException(WebDriverWait.java:84)
at org.openqa.selenium.support.ui.FluentWait.until(FluentWait.java:228)
at pages.OperationsButton.clickBitcoinElement(OperationsButton.java:705)
at Tests.PayToMobileNumber.testPayToMobileWithVariousInputs(PayToMobileNumber.java:73)
at java.base/jdk.internal.reflect.DirectMethodHandleAccessor.invoke(DirectMethodHandleAccessor.java:103)
at java.base/java.lang.reflect.Method.invoke(Method.java:580)
at org.testng.internal.invokers.MethodInvocationHelper.invokeMethod(MethodInvocationHelper.java:141)
at org.testng.internal.invokers.TestInvoker.invokeMethod(TestInvoker.java:686)
at org.testng.internal.invokers.TestInvoker.invokeTestMethod(TestInvoker.java:230)
at org.testng.internal.invokers.MethodRunner.runInSequence(MethodRunner.java:63)
at org.testng.internal.invokers.TestInvoker$MethodInvocationAgent.invoke(TestInvoker.java:992)
at org.testng.internal.invokers.TestInvoker.invokeTestMethods(TestInvoker.java:203)
at org.testng.internal.invokers.TestMethodWorker.invokeTestMethods(TestMethodWorker.java:154)
at org.testng.internal.invokers.TestMethodWorker.run(TestMethodWorker.java:134)
at java.base/java.util.ArrayList.forEach(ArrayList.java:1597)
at org.testng.TestRunner.privateRun(TestRunner.java:739)
at org.testng.TestRunner.run(TestRunner.java:614)
at org.testng.SuiteRunner.runTest(SuiteRunner.java:421)
at org.testng.SuiteRunner.runSequentially(SuiteRunner.java:413)
at org.testng.SuiteRunner.privateRun(SuiteRunner.java:373)
at org.testng.SuiteRunner.run(SuiteRunner.java:312)
at org.testng.SuiteRunnerWorker.runSuite(SuiteRunnerWorker.java:52)
at org.testng.SuiteRunnerWorker.run(SuiteRunnerWorker.java:95)
at org.testng.TestNG.runSuitesSequentially(TestNG.java:1274)
at org.testng.TestNG.runSuitesLocally(TestNG.java:1208)
at org.testng.TestNG.runSuites(TestNG.java:1112)
at org.testng.TestNG.run(TestNG.java:1079)
at com.intellij.rt.testng.IDEARemoteTestNG.run(IDEARemoteTestNG.java:65)
at com.intellij.rt.testng.RemoteTestNGStarter.main(RemoteTestNGStarter.java:105)
Caused by: org.openqa.selenium.NoSuchElementException: An element could not be located on the page using the given search parameters.
For documentation on this error, please visit: https://www.selenium.dev/documentation/webdriver/troubleshooting/errors#no-such-element-exception
Build info: version: '4.29.0', revision: '5fc1ec94cb'
System info: os.name: 'Windows 10', os.arch: 'amd64', os.version: '10.0', java.version: '23.0.2'
Driver info: io.appium.java_client.android.AndroidDriver
Command: [c99095e0-150b-4bca-8532-36c760a57bec, findElement {using=-android uiautomator, value=new UiSelector().className("android.view.ViewGroup").description("USDC, USDC, Ethereum Network")}]
Capabilities {appium:app: C://Users//hp//Downloads//P..., appium:appActivity: com.paycio.MainActivity, appium:appPackage: com.paycio, appium:automationName: UIAutomator2, appium:databaseEnabled: false, appium:desired: {app: C://Users//hp//Downloads//P..., automationName: UIAutomator2, deviceName: Vivo I2208 API 34, fullReset: false, noReset: true, platformName: ANDROID}, appium:deviceApiLevel: 34, appium:deviceManufacturer: vivo, appium:deviceModel: I2208, appium:deviceName: 10BD6C0Z8R000Y5, appium:deviceScreenDensity: 440, appium:deviceScreenSize: 1080x2408, appium:deviceUDID: 10BD6C0Z8R000Y5, appium:fullReset: false, appium:javascriptEnabled: true, appium:locationContextEnabled: false, appium:networkConnectionEnabled: true, appium:noReset: true, appium:pixelRatio: 2.75, appium:platformVersion: 14, appium:statBarHeight: 88, appium:takesScreenshot: true, appium:viewportRect: {height: 2320, left: 0, top: 88, width: 1080}, appium:warnings: {}, appium:webStorageEnabled: false, platformName: ANDROID}
Session ID: c99095e0-150b-4bca-8532-36c760a57bec
at java.base/jdk.internal.reflect.DirectConstructorHandleAccessor.newInstance(DirectConstructorHandleAccessor.java:62)
at java.base/java.lang.reflect.Constructor.newInstanceWithCaller(Constructor.java:501)
at java.base/java.lang.reflect.Constructor.newInstance(Constructor.java:485)
at org.openqa.selenium.remote.ErrorCodec.decode(ErrorCodec.java:167)
at org.openqa.selenium.remote.codec.w3c.W3CHttpResponseCodec.decode(W3CHttpResponseCodec.java:138)
at org.openqa.selenium.remote.codec.w3c.W3CHttpResponseCodec.decode(W3CHttpResponseCodec.java:50)
at org.openqa.selenium.remote.HttpCommandExecutor.execute(HttpCommandExecutor.java:215)
at io.appium.java_client.remote.AppiumCommandExecutor.execute(AppiumCommandExecutor.java:237)
at org.openqa.selenium.remote.RemoteWebDriver.execute(RemoteWebDriver.java:545)
at org.openqa.selenium.remote.ElementLocation$ElementFinder$2.findElement(ElementLocation.java:165)
at org.openqa.selenium.remote.ElementLocation.findElement(ElementLocation.java:59)
at org.openqa.selenium.remote.RemoteWebDriver.findElement(RemoteWebDriver.java:368)
at org.openqa.selenium.remote.RemoteWebDriver.findElement(RemoteWebDriver.java:362)
at org.openqa.selenium.support.ui.ExpectedConditions$6.apply(ExpectedConditions.java:171)
at org.openqa.selenium.support.ui.ExpectedConditions$6.apply(ExpectedConditions.java:168)
at org.openqa.selenium.support.ui.FluentWait.until(FluentWait.java:203)
... 27 more
]]>
    </error>
    <system-out>
      <![CDATA[<hr><b>ğŸš€ Starting Test Scenario</b>
ğŸ” <b>Test Type:</b> Max boundary | <b>Input:</b> 9999999999
<b>âœ… Clicked on the 'Pay to Mobile Number' TextView.</b>
<b>â± Execution Time for clickPayToMobileNumber(): 2756 ms</b>
ğŸ“² Intended to enter: 9999999999
ğŸ“ Actual text in field: 9999999999
<b>â± Execution Time: 5748 ms</b>
âœ… Confirmed input shown on UI: <b>9999999999</b>
âœ… Element is visible and displayed
âŒ Exception occurred while checking element or clicking Send: Expected condition failed: waiting for element to be clickable: AppiumBy.androidUIAutomator: new UiSelector().className("android.widget.TextView").text("Send").packageName("com.paycio").enabled(true).clickable(false).longClickable(false).checkable(false).checked(false).focusable(false).focused(false).scrollable(false).selected(false).index(0) (tried for 20 second(s) with 500 milliseconds interval)
Build info: version: '4.29.0', revision: '5fc1ec94cb'
System info: os.name: 'Windows 10', os.arch: 'amd64', os.version: '10.0', java.version: '23.0.2'
Driver info: io.appium.java_client.android.AndroidDriver
Capabilities {appium:app: C://Users//hp//Downloads//P..., appium:appActivity: com.paycio.MainActivity, appium:appPackage: com.paycio, appium:automationName: UIAutomator2, appium:databaseEnabled: false, appium:desired: {app: C://Users//hp//Downloads//P..., automationName: UIAutomator2, deviceName: Vivo I2208 API 34, fullReset: false, noReset: true, platformName: ANDROID}, appium:deviceApiLevel: 34, appium:deviceManufacturer: vivo, appium:deviceModel: I2208, appium:deviceName: 10BD6C0Z8R000Y5, appium:deviceScreenDensity: 440, appium:deviceScreenSize: 1080x2408, appium:deviceUDID: 10BD6C0Z8R000Y5, appium:fullReset: false, appium:javascriptEnabled: true, appium:locationContextEnabled: false, appium:networkConnectionEnabled: true, appium:noReset: true, appium:pixelRatio: 2.75, appium:platformVersion: 14, appium:statBarHeight: 88, appium:takesScreenshot: true, appium:viewportRect: {height: 2320, left: 0, top: 88, width: 1080}, appium:warnings: {}, appium:webStorageEnabled: false, platformName: ANDROID}
Session ID: c99095e0-150b-4bca-8532-36c760a57bec
<b style='color: red;'>âŒ 'Attention!' element not found on screen.</b>
<b style='color:red;'>âŒ 'I understand' button not found or not clickable.</b>
ğŸ“¸ Screenshot embedded below:
<br><a href='screenshots/Understand_Button_NotFound_20250409_163142.png' target='_blank'><img src='screenshots/Understand_Button_NotFound_20250409_163142.png' height='150'/></a><br>
âœ… Entered amount: 10.3
<b>â± Execution Time for enterAmount(): 3266 ms</b>
âŒ Failed to click 'TrueUSD, TUSD, Ethereum Network': Expected condition failed: waiting for presence of element located by: AppiumBy.androidUIAutomator: new UiSelector().className("android.view.ViewGroup").description("USDC, USDC, Ethereum Network") (tried for 20 second(s) with 500 milliseconds interval)
<b>â± Execution Time for TrueUSD, TUSD, Ethereum Network(): 20084 ms</b>]]>
    </system-out>
  </testcase> <!-- testPayToMobileWithVariousInputs -->
  <testcase classname="Tests.PayToMobileNumber" name="testPayToMobileWithVariousInputs" time="48.199">
    <system-out>
      <![CDATA[<hr><b>ğŸš€ Starting Test Scenario</b>
ğŸ” <b>Test Type:</b> Expected to proceed | <b>Input:</b> 9123456789
<b>âœ… Clicked on the 'Pay to Mobile Number' TextView.</b>
<b>â± Execution Time for clickPayToMobileNumber(): 5298 ms</b>
ğŸ“² Intended to enter: 9123456789
ğŸ“ Actual text in field: 9123456789
<b>â± Execution Time: 5333 ms</b>
âœ… Confirmed input shown on UI: <b>9123456789</b>
âœ… Element is visible and displayed
ğŸ“¨ Send button clicked successfully.
<b style='color: orange;'>âš ï¸ 'Attention!' alert is visible on the screen.</b>
<b style='color:green;'>âœ… Successfully clicked on 'I understand' button.</b>
ğŸ“¸ Screenshot embedded below:
<br><a href='screenshots/Clicked_I_Understand_20250409_164043.png' target='_blank'><img src='screenshots/Clicked_I_Understand_20250409_164043.png' height='150'/></a><br>
âœ… Entered amount: 10.3
<b>â± Execution Time for enterAmount(): 3622 ms</b>
âœ… Clicked on 'TrueUSD, TUSD, Ethereum Network'.
<b>â± Execution Time for TrueUSD, TUSD, Ethereum Network(): 2674 ms</b>
âœ… Successfully clicked on USDC checkbox.
<b>â± Execution Time for clickUSDCElement(): 1346 ms</b>
âœ… Clicked on 'Confirm' button.
<b>â± Execution Time for clickConfirmButton(): 566 ms</b>
âœ… Pay Button Found. Clicking on it...
âœ… Pay Button Clicked Successfully
<b>â± Execution Time for clickOnPayButton(): 481 ms</b>
âœ… Successfully entered PIN: 2580
ğŸ”¢ Entered PIN: 2580
<b>âœ… Clicked on 'Submit' button in UCPI page.</b>
âœ… No error message displayed after entering PIN: 2580
<b style='color: white; background-color: red;'>âŒ Error: Unfortunately, we are unable to process this transaction as the receiver information is unknown.</b>
ğŸ“¸ Screenshot embedded below:
<br><a href='screenshots/ReceiverInfoError_20250409_164108.png' target='_blank'><img src='screenshots/ReceiverInfoError_20250409_164108.png' height='150'/></a><br>
ğŸ“¸ Screenshot embedded below:
<br><a href='screenshots/OkayButtonVisible_20250409_164109.png' target='_blank'><img src='screenshots/OkayButtonVisible_20250409_164109.png' height='150'/></a><br>
âœ… Clicked on 'Okay' button.
<b>âœ… Pressed the Android system Back button.</b>
<b>âœ… Pressed the Android system Back button.</b>
âœ… Test completed for input: <b>9123456789</b> (Expected to proceed)
<hr>]]>
    </system-out>
  </testcase> <!-- testPayToMobileWithVariousInputs -->
  <testcase classname="Tests.PayToMobileNumber" name="testPayToMobileWithVariousInputs" time="48.898">
    <system-out>
      <![CDATA[<hr><b>ğŸš€ Starting Test Scenario</b>
ğŸ” <b>Test Type:</b> Expected to show error | <b>Input:</b> 8899999999
<b>âœ… Clicked on the 'Pay to Mobile Number' TextView.</b>
<b>â± Execution Time for clickPayToMobileNumber(): 3703 ms</b>
ğŸ“² Intended to enter: 8899999999
ğŸ“ Actual text in field: 8899999999
<b>â± Execution Time: 9107 ms</b>
âœ… Confirmed input shown on UI: <b>8899999999</b>
âœ… Element is visible and displayed
ğŸ“¨ Send button clicked successfully.
<b style='color: orange;'>âš ï¸ 'Attention!' alert is visible on the screen.</b>
<b style='color:green;'>âœ… Successfully clicked on 'I understand' button.</b>
ğŸ“¸ Screenshot embedded below:
<br><a href='screenshots/Clicked_I_Understand_20250409_164129.png' target='_blank'><img src='screenshots/Clicked_I_Understand_20250409_164129.png' height='150'/></a><br>
âœ… Entered amount: 10.3
<b>â± Execution Time for enterAmount(): 4407 ms</b>
âœ… Clicked on 'TrueUSD, TUSD, Ethereum Network'.
<b>â± Execution Time for TrueUSD, TUSD, Ethereum Network(): 1692 ms</b>
âœ… Successfully clicked on USDC checkbox.
<b>â± Execution Time for clickUSDCElement(): 2347 ms</b>
âœ… Clicked on 'Confirm' button.
<b>â± Execution Time for clickConfirmButton(): 396 ms</b>
âœ… Pay Button Found. Clicking on it...
âœ… Pay Button Clicked Successfully
<b>â± Execution Time for clickOnPayButton(): 1759 ms</b>
âœ… Successfully entered PIN: 2580
ğŸ”¢ Entered PIN: 2580
<b>âœ… Clicked on 'Submit' button in UCPI page.</b>
âœ… No error message displayed after entering PIN: 2580
<b style='color: white; background-color: red;'>âŒ Error: Unfortunately, we are unable to process this transaction as the receiver information is unknown.</b>
ğŸ“¸ Screenshot embedded below:
<br><a href='screenshots/ReceiverInfoError_20250409_164156.png' target='_blank'><img src='screenshots/ReceiverInfoError_20250409_164156.png' height='150'/></a><br>
ğŸ“¸ Screenshot embedded below:
<br><a href='screenshots/OkayButtonVisible_20250409_164157.png' target='_blank'><img src='screenshots/OkayButtonVisible_20250409_164157.png' height='150'/></a><br>
âœ… Clicked on 'Okay' button.
<b>âœ… Pressed the Android system Back button.</b>
<b>âœ… Pressed the Android system Back button.</b>
âœ… Test completed for input: <b>8899999999</b> (Expected to show error)
<hr>]]>
    </system-out>
  </testcase> <!-- testPayToMobileWithVariousInputs -->
  <testcase classname="Tests.PayToMobileNumber" name="testPayToMobileWithVariousInputs" time="100.577">
    <error message="Expected condition failed: waiting for presence of element located by: AppiumBy.androidUIAutomator: new UiSelector().className(&quot;android.widget.EditText&quot;) (tried for 20 second(s) with 500 milliseconds interval)" type="org.openqa.selenium.TimeoutException">
      <![CDATA[org.openqa.selenium.TimeoutException: Expected condition failed: waiting for presence of element located by: AppiumBy.androidUIAutomator: new UiSelector().className("android.widget.EditText") (tried for 20 second(s) with 500 milliseconds interval)
at org.openqa.selenium.support.ui.WebDriverWait.timeoutException(WebDriverWait.java:84)
at org.openqa.selenium.support.ui.FluentWait.until(FluentWait.java:228)
at pages.OperationsButton.enterAmount(OperationsButton.java:671)
at Tests.PayToMobileNumber.testPayToMobileWithVariousInputs(PayToMobileNumber.java:72)
at java.base/jdk.internal.reflect.DirectMethodHandleAccessor.invoke(DirectMethodHandleAccessor.java:103)
at java.base/java.lang.reflect.Method.invoke(Method.java:580)
at org.testng.internal.invokers.MethodInvocationHelper.invokeMethod(MethodInvocationHelper.java:141)
at org.testng.internal.invokers.TestInvoker.invokeMethod(TestInvoker.java:686)
at org.testng.internal.invokers.TestInvoker.invokeTestMethod(TestInvoker.java:230)
at org.testng.internal.invokers.MethodRunner.runInSequence(MethodRunner.java:63)
at org.testng.internal.invokers.TestInvoker$MethodInvocationAgent.invoke(TestInvoker.java:992)
at org.testng.internal.invokers.TestInvoker.invokeTestMethods(TestInvoker.java:203)
at org.testng.internal.invokers.TestMethodWorker.invokeTestMethods(TestMethodWorker.java:154)
at org.testng.internal.invokers.TestMethodWorker.run(TestMethodWorker.java:134)
at java.base/java.util.ArrayList.forEach(ArrayList.java:1597)
at org.testng.TestRunner.privateRun(TestRunner.java:739)
at org.testng.TestRunner.run(TestRunner.java:614)
at org.testng.SuiteRunner.runTest(SuiteRunner.java:421)
at org.testng.SuiteRunner.runSequentially(SuiteRunner.java:413)
at org.testng.SuiteRunner.privateRun(SuiteRunner.java:373)
at org.testng.SuiteRunner.run(SuiteRunner.java:312)
at org.testng.SuiteRunnerWorker.runSuite(SuiteRunnerWorker.java:52)
at org.testng.SuiteRunnerWorker.run(SuiteRunnerWorker.java:95)
at org.testng.TestNG.runSuitesSequentially(TestNG.java:1274)
at org.testng.TestNG.runSuitesLocally(TestNG.java:1208)
at org.testng.TestNG.runSuites(TestNG.java:1112)
at org.testng.TestNG.run(TestNG.java:1079)
at com.intellij.rt.testng.IDEARemoteTestNG.run(IDEARemoteTestNG.java:65)
at com.intellij.rt.testng.RemoteTestNGStarter.main(RemoteTestNGStarter.java:105)
Caused by: org.openqa.selenium.NoSuchElementException: An element could not be located on the page using the given search parameters.
For documentation on this error, please visit: https://www.selenium.dev/documentation/webdriver/troubleshooting/errors#no-such-element-exception
Build info: version: '4.29.0', revision: '5fc1ec94cb'
System info: os.name: 'Windows 10', os.arch: 'amd64', os.version: '10.0', java.version: '23.0.2'
Driver info: io.appium.java_client.android.AndroidDriver
Command: [c99095e0-150b-4bca-8532-36c760a57bec, findElement {using=-android uiautomator, value=new UiSelector().className("android.widget.EditText")}]
Capabilities {appium:app: C://Users//hp//Downloads//P..., appium:appActivity: com.paycio.MainActivity, appium:appPackage: com.paycio, appium:automationName: UIAutomator2, appium:databaseEnabled: false, appium:desired: {app: C://Users//hp//Downloads//P..., automationName: UIAutomator2, deviceName: Vivo I2208 API 34, fullReset: false, noReset: true, platformName: ANDROID}, appium:deviceApiLevel: 34, appium:deviceManufacturer: vivo, appium:deviceModel: I2208, appium:deviceName: 10BD6C0Z8R000Y5, appium:deviceScreenDensity: 440, appium:deviceScreenSize: 1080x2408, appium:deviceUDID: 10BD6C0Z8R000Y5, appium:fullReset: false, appium:javascriptEnabled: true, appium:locationContextEnabled: false, appium:networkConnectionEnabled: true, appium:noReset: true, appium:pixelRatio: 2.75, appium:platformVersion: 14, appium:statBarHeight: 88, appium:takesScreenshot: true, appium:viewportRect: {height: 2320, left: 0, top: 88, width: 1080}, appium:warnings: {}, appium:webStorageEnabled: false, platformName: ANDROID}
Session ID: c99095e0-150b-4bca-8532-36c760a57bec
at java.base/jdk.internal.reflect.DirectConstructorHandleAccessor.newInstance(DirectConstructorHandleAccessor.java:62)
at java.base/java.lang.reflect.Constructor.newInstanceWithCaller(Constructor.java:501)
at java.base/java.lang.reflect.Constructor.newInstance(Constructor.java:485)
at org.openqa.selenium.remote.ErrorCodec.decode(ErrorCodec.java:167)
at org.openqa.selenium.remote.codec.w3c.W3CHttpResponseCodec.decode(W3CHttpResponseCodec.java:138)
at org.openqa.selenium.remote.codec.w3c.W3CHttpResponseCodec.decode(W3CHttpResponseCodec.java:50)
at org.openqa.selenium.remote.HttpCommandExecutor.execute(HttpCommandExecutor.java:215)
at io.appium.java_client.remote.AppiumCommandExecutor.execute(AppiumCommandExecutor.java:237)
at org.openqa.selenium.remote.RemoteWebDriver.execute(RemoteWebDriver.java:545)
at org.openqa.selenium.remote.ElementLocation$ElementFinder$2.findElement(ElementLocation.java:165)
at org.openqa.selenium.remote.ElementLocation.findElement(ElementLocation.java:59)
at org.openqa.selenium.remote.RemoteWebDriver.findElement(RemoteWebDriver.java:368)
at org.openqa.selenium.remote.RemoteWebDriver.findElement(RemoteWebDriver.java:362)
at org.openqa.selenium.support.ui.ExpectedConditions$6.apply(ExpectedConditions.java:171)
at org.openqa.selenium.support.ui.ExpectedConditions$6.apply(ExpectedConditions.java:168)
at org.openqa.selenium.support.ui.FluentWait.until(FluentWait.java:203)
... 27 more
]]>
    </error>
    <system-out>
      <![CDATA[<hr><b>ğŸš€ Starting Test Scenario</b>
ğŸ” <b>Test Type:</b> Invalid - Special characters | <b>Input:</b> 98@#123456
<b>âœ… Clicked on the 'Pay to Mobile Number' TextView.</b>
<b>â± Execution Time for clickPayToMobileNumber(): 4007 ms</b>
ğŸ“² Intended to enter: 98@#123456
ğŸ“ Actual text in field: 98@#123456
<b>â± Execution Time: 6764 ms</b>
âœ… Confirmed input shown on UI: <b>98@#123456</b>
âœ… Element is visible and displayed
âŒ Exception occurred while checking element or clicking Send: Expected condition failed: waiting for element to be clickable: AppiumBy.androidUIAutomator: new UiSelector().className("android.widget.TextView").text("Send").packageName("com.paycio").enabled(true).clickable(false).longClickable(false).checkable(false).checked(false).focusable(false).focused(false).scrollable(false).selected(false).index(0) (tried for 20 second(s) with 500 milliseconds interval)
Build info: version: '4.29.0', revision: '5fc1ec94cb'
System info: os.name: 'Windows 10', os.arch: 'amd64', os.version: '10.0', java.version: '23.0.2'
Driver info: io.appium.java_client.android.AndroidDriver
Capabilities {appium:app: C://Users//hp//Downloads//P..., appium:appActivity: com.paycio.MainActivity, appium:appPackage: com.paycio, appium:automationName: UIAutomator2, appium:databaseEnabled: false, appium:desired: {app: C://Users//hp//Downloads//P..., automationName: UIAutomator2, deviceName: Vivo I2208 API 34, fullReset: false, noReset: true, platformName: ANDROID}, appium:deviceApiLevel: 34, appium:deviceManufacturer: vivo, appium:deviceModel: I2208, appium:deviceName: 10BD6C0Z8R000Y5, appium:deviceScreenDensity: 440, appium:deviceScreenSize: 1080x2408, appium:deviceUDID: 10BD6C0Z8R000Y5, appium:fullReset: false, appium:javascriptEnabled: true, appium:locationContextEnabled: false, appium:networkConnectionEnabled: true, appium:noReset: true, appium:pixelRatio: 2.75, appium:platformVersion: 14, appium:statBarHeight: 88, appium:takesScreenshot: true, appium:viewportRect: {height: 2320, left: 0, top: 88, width: 1080}, appium:warnings: {}, appium:webStorageEnabled: false, platformName: ANDROID}
Session ID: c99095e0-150b-4bca-8532-36c760a57bec
<b style='color: red;'>âŒ 'Attention!' element not found on screen.</b>
<b style='color:red;'>âŒ 'I understand' button not found or not clickable.</b>
ğŸ“¸ Screenshot embedded below:
<br><a href='screenshots/Understand_Button_NotFound_20250409_163634.png' target='_blank'><img src='screenshots/Understand_Button_NotFound_20250409_163634.png' height='150'/></a><br>
âŒ Failed to enter amount: Expected condition failed: waiting for presence of element located by: AppiumBy.androidUIAutomator: new UiSelector().className("android.widget.EditText") (tried for 20 second(s) with 500 milliseconds interval)
<b>â± Execution Time for enterAmount(): 21053 ms</b>]]>
    </system-out>
  </testcase> <!-- testPayToMobileWithVariousInputs -->
  <testcase classname="Tests.PayToMobileNumber" name="testPayToMobileWithVariousInputs" time="104.066">
    <error message="Expected condition failed: waiting for presence of element located by: AppiumBy.androidUIAutomator: new UiSelector().className(&quot;android.view.ViewGroup&quot;).description(&quot;USDC, USDC, Ethereum Network&quot;) (tried for 20 second(s) with 500 milliseconds interval)" type="org.openqa.selenium.TimeoutException">
      <![CDATA[org.openqa.selenium.TimeoutException: Expected condition failed: waiting for presence of element located by: AppiumBy.androidUIAutomator: new UiSelector().className("android.view.ViewGroup").description("USDC, USDC, Ethereum Network") (tried for 20 second(s) with 500 milliseconds interval)
at org.openqa.selenium.support.ui.WebDriverWait.timeoutException(WebDriverWait.java:84)
at org.openqa.selenium.support.ui.FluentWait.until(FluentWait.java:228)
at pages.OperationsButton.clickBitcoinElement(OperationsButton.java:705)
at Tests.PayToMobileNumber.testPayToMobileWithVariousInputs(PayToMobileNumber.java:73)
at java.base/jdk.internal.reflect.DirectMethodHandleAccessor.invoke(DirectMethodHandleAccessor.java:103)
at java.base/java.lang.reflect.Method.invoke(Method.java:580)
at org.testng.internal.invokers.MethodInvocationHelper.invokeMethod(MethodInvocationHelper.java:141)
at org.testng.internal.invokers.TestInvoker.invokeMethod(TestInvoker.java:686)
at org.testng.internal.invokers.TestInvoker.invokeTestMethod(TestInvoker.java:230)
at org.testng.internal.invokers.MethodRunner.runInSequence(MethodRunner.java:63)
at org.testng.internal.invokers.TestInvoker$MethodInvocationAgent.invoke(TestInvoker.java:992)
at org.testng.internal.invokers.TestInvoker.invokeTestMethods(TestInvoker.java:203)
at org.testng.internal.invokers.TestMethodWorker.invokeTestMethods(TestMethodWorker.java:154)
at org.testng.internal.invokers.TestMethodWorker.run(TestMethodWorker.java:134)
at java.base/java.util.ArrayList.forEach(ArrayList.java:1597)
at org.testng.TestRunner.privateRun(TestRunner.java:739)
at org.testng.TestRunner.run(TestRunner.java:614)
at org.testng.SuiteRunner.runTest(SuiteRunner.java:421)
at org.testng.SuiteRunner.runSequentially(SuiteRunner.java:413)
at org.testng.SuiteRunner.privateRun(SuiteRunner.java:373)
at org.testng.SuiteRunner.run(SuiteRunner.java:312)
at org.testng.SuiteRunnerWorker.runSuite(SuiteRunnerWorker.java:52)
at org.testng.SuiteRunnerWorker.run(SuiteRunnerWorker.java:95)
at org.testng.TestNG.runSuitesSequentially(TestNG.java:1274)
at org.testng.TestNG.runSuitesLocally(TestNG.java:1208)
at org.testng.TestNG.runSuites(TestNG.java:1112)
at org.testng.TestNG.run(TestNG.java:1079)
at com.intellij.rt.testng.IDEARemoteTestNG.run(IDEARemoteTestNG.java:65)
at com.intellij.rt.testng.RemoteTestNGStarter.main(RemoteTestNGStarter.java:105)
Caused by: org.openqa.selenium.NoSuchElementException: An element could not be located on the page using the given search parameters.
For documentation on this error, please visit: https://www.selenium.dev/documentation/webdriver/troubleshooting/errors#no-such-element-exception
Build info: version: '4.29.0', revision: '5fc1ec94cb'
System info: os.name: 'Windows 10', os.arch: 'amd64', os.version: '10.0', java.version: '23.0.2'
Driver info: io.appium.java_client.android.AndroidDriver
Command: [c99095e0-150b-4bca-8532-36c760a57bec, findElement {using=-android uiautomator, value=new UiSelector().className("android.view.ViewGroup").description("USDC, USDC, Ethereum Network")}]
Capabilities {appium:app: C://Users//hp//Downloads//P..., appium:appActivity: com.paycio.MainActivity, appium:appPackage: com.paycio, appium:automationName: UIAutomator2, appium:databaseEnabled: false, appium:desired: {app: C://Users//hp//Downloads//P..., automationName: UIAutomator2, deviceName: Vivo I2208 API 34, fullReset: false, noReset: true, platformName: ANDROID}, appium:deviceApiLevel: 34, appium:deviceManufacturer: vivo, appium:deviceModel: I2208, appium:deviceName: 10BD6C0Z8R000Y5, appium:deviceScreenDensity: 440, appium:deviceScreenSize: 1080x2408, appium:deviceUDID: 10BD6C0Z8R000Y5, appium:fullReset: false, appium:javascriptEnabled: true, appium:locationContextEnabled: false, appium:networkConnectionEnabled: true, appium:noReset: true, appium:pixelRatio: 2.75, appium:platformVersion: 14, appium:statBarHeight: 88, appium:takesScreenshot: true, appium:viewportRect: {height: 2320, left: 0, top: 88, width: 1080}, appium:warnings: {}, appium:webStorageEnabled: false, platformName: ANDROID}
Session ID: c99095e0-150b-4bca-8532-36c760a57bec
at java.base/jdk.internal.reflect.DirectConstructorHandleAccessor.newInstance(DirectConstructorHandleAccessor.java:62)
at java.base/java.lang.reflect.Constructor.newInstanceWithCaller(Constructor.java:501)
at java.base/java.lang.reflect.Constructor.newInstance(Constructor.java:485)
at org.openqa.selenium.remote.ErrorCodec.decode(ErrorCodec.java:167)
at org.openqa.selenium.remote.codec.w3c.W3CHttpResponseCodec.decode(W3CHttpResponseCodec.java:138)
at org.openqa.selenium.remote.codec.w3c.W3CHttpResponseCodec.decode(W3CHttpResponseCodec.java:50)
at org.openqa.selenium.remote.HttpCommandExecutor.execute(HttpCommandExecutor.java:215)
at io.appium.java_client.remote.AppiumCommandExecutor.execute(AppiumCommandExecutor.java:237)
at org.openqa.selenium.remote.RemoteWebDriver.execute(RemoteWebDriver.java:545)
at org.openqa.selenium.remote.ElementLocation$ElementFinder$2.findElement(ElementLocation.java:165)
at org.openqa.selenium.remote.ElementLocation.findElement(ElementLocation.java:59)
at org.openqa.selenium.remote.RemoteWebDriver.findElement(RemoteWebDriver.java:368)
at org.openqa.selenium.remote.RemoteWebDriver.findElement(RemoteWebDriver.java:362)
at org.openqa.selenium.support.ui.ExpectedConditions$6.apply(ExpectedConditions.java:171)
at org.openqa.selenium.support.ui.ExpectedConditions$6.apply(ExpectedConditions.java:168)
at org.openqa.selenium.support.ui.FluentWait.until(FluentWait.java:203)
... 27 more
]]>
    </error>
    <system-out>
      <![CDATA[<hr><b>ğŸš€ Starting Test Scenario</b>
ğŸ” <b>Test Type:</b> Invalid - Alphabets only | <b>Input:</b> abcdefghij
<b>âœ… Clicked on the 'Pay to Mobile Number' TextView.</b>
<b>â± Execution Time for clickPayToMobileNumber(): 5259 ms</b>
ğŸ“² Intended to enter: abcdefghij
ğŸ“ Actual text in field: abcdefghij
<b>â± Execution Time: 6821 ms</b>
âœ… Confirmed input shown on UI: <b>abcdefghij</b>
âœ… Element is visible and displayed
âŒ Exception occurred while checking element or clicking Send: Expected condition failed: waiting for element to be clickable: AppiumBy.androidUIAutomator: new UiSelector().className("android.widget.TextView").text("Send").packageName("com.paycio").enabled(true).clickable(false).longClickable(false).checkable(false).checked(false).focusable(false).focused(false).scrollable(false).selected(false).index(0) (tried for 20 second(s) with 500 milliseconds interval)
Build info: version: '4.29.0', revision: '5fc1ec94cb'
System info: os.name: 'Windows 10', os.arch: 'amd64', os.version: '10.0', java.version: '23.0.2'
Driver info: io.appium.java_client.android.AndroidDriver
Capabilities {appium:app: C://Users//hp//Downloads//P..., appium:appActivity: com.paycio.MainActivity, appium:appPackage: com.paycio, appium:automationName: UIAutomator2, appium:databaseEnabled: false, appium:desired: {app: C://Users//hp//Downloads//P..., automationName: UIAutomator2, deviceName: Vivo I2208 API 34, fullReset: false, noReset: true, platformName: ANDROID}, appium:deviceApiLevel: 34, appium:deviceManufacturer: vivo, appium:deviceModel: I2208, appium:deviceName: 10BD6C0Z8R000Y5, appium:deviceScreenDensity: 440, appium:deviceScreenSize: 1080x2408, appium:deviceUDID: 10BD6C0Z8R000Y5, appium:fullReset: false, appium:javascriptEnabled: true, appium:locationContextEnabled: false, appium:networkConnectionEnabled: true, appium:noReset: true, appium:pixelRatio: 2.75, appium:platformVersion: 14, appium:statBarHeight: 88, appium:takesScreenshot: true, appium:viewportRect: {height: 2320, left: 0, top: 88, width: 1080}, appium:warnings: {}, appium:webStorageEnabled: false, platformName: ANDROID}
Session ID: c99095e0-150b-4bca-8532-36c760a57bec
<b style='color: red;'>âŒ 'Attention!' element not found on screen.</b>
<b style='color:red;'>âŒ 'I understand' button not found or not clickable.</b>
ğŸ“¸ Screenshot embedded below:
<br><a href='screenshots/Understand_Button_NotFound_20250409_163815.png' target='_blank'><img src='screenshots/Understand_Button_NotFound_20250409_163815.png' height='150'/></a><br>
âœ… Entered amount: 10.3
<b>â± Execution Time for enterAmount(): 3499 ms</b>
âŒ Failed to click 'TrueUSD, TUSD, Ethereum Network': Expected condition failed: waiting for presence of element located by: AppiumBy.androidUIAutomator: new UiSelector().className("android.view.ViewGroup").description("USDC, USDC, Ethereum Network") (tried for 20 second(s) with 500 milliseconds interval)
<b>â± Execution Time for TrueUSD, TUSD, Ethereum Network(): 21563 ms</b>]]>
    </system-out>
  </testcase> <!-- testPayToMobileWithVariousInputs -->
  <system-out>
    <![CDATA[<hr><b>ğŸš€ Starting Test Scenario</b>
ğŸ” <b>Test Type:</b> Valid - Registered | <b>Input:</b> 9830567890
<b>âœ… Clicked on the 'Pay to Mobile Number' TextView.</b>
<b>â± Execution Time for clickPayToMobileNumber(): 6990 ms</b>
ğŸ“² Intended to enter: 9830567890
ğŸ“ Actual text in field: 9830567890
<b>â± Execution Time: 5634 ms</b>
âœ… Confirmed input shown on UI: <b>9830567890</b>
âœ… Element is visible and displayed
ğŸ“¨ Send button clicked successfully.
<b style='color: orange;'>âš ï¸ 'Attention!' alert is visible on the screen.</b>
<b style='color:green;'>âœ… Successfully clicked on 'I understand' button.</b>
ğŸ“¸ Screenshot embedded below:
<br><a href='screenshots/Clicked_I_Understand_20250409_162818.png' target='_blank'><img src='screenshots/Clicked_I_Understand_20250409_162818.png' height='150'/></a><br>
âœ… Entered amount: 10.3
<b>â± Execution Time for enterAmount(): 2978 ms</b>
âœ… Clicked on 'TrueUSD, TUSD, Ethereum Network'.
<b>â± Execution Time for TrueUSD, TUSD, Ethereum Network(): 2454 ms</b>
âœ… Successfully clicked on USDC checkbox.
<b>â± Execution Time for clickUSDCElement(): 1462 ms</b>
âœ… Clicked on 'Confirm' button.
<b>â± Execution Time for clickConfirmButton(): 644 ms</b>
âœ… Pay Button Found. Clicking on it...
âœ… Pay Button Clicked Successfully
<b>â± Execution Time for clickOnPayButton(): 1708 ms</b>
âœ… Successfully entered PIN: 2580
ğŸ”¢ Entered PIN: 2580
<b>âœ… Clicked on 'Submit' button in UCPI page.</b>
âœ… No error message displayed after entering PIN: 2580
âœ… No 'Receiver information unknown' error appeared.
âš ï¸ 'Okay' button not found within timeout.
<b>âœ… Pressed the Android system Back button.</b>
<b>âœ… Pressed the Android system Back button.</b>
âœ… Test completed for input: <b>9830567890</b> (Valid - Registered)
<hr>
<hr><b>ğŸš€ Starting Test Scenario</b>
ğŸ” <b>Test Type:</b> Valid - Not Registered | <b>Input:</b> 7734567890
<b>âœ… Clicked on the 'Pay to Mobile Number' TextView.</b>
<b>â± Execution Time for clickPayToMobileNumber(): 9789 ms</b>
ğŸ“² Intended to enter: 7734567890
ğŸ“ Actual text in field: 7734567890
<b>â± Execution Time: 4902 ms</b>
âœ… Confirmed input shown on UI: <b>7734567890</b>
âœ… Element is visible and displayed
ğŸ“¨ Send button clicked successfully.
<b style='color: orange;'>âš ï¸ 'Attention!' alert is visible on the screen.</b>
<b style='color:green;'>âœ… Successfully clicked on 'I understand' button.</b>
ğŸ“¸ Screenshot embedded below:
<br><a href='screenshots/Clicked_I_Understand_20250409_162951.png' target='_blank'><img src='screenshots/Clicked_I_Understand_20250409_162951.png' height='150'/></a><br>
âœ… Entered amount: 10.3
<b>â± Execution Time for enterAmount(): 4299 ms</b>
âœ… Clicked on 'TrueUSD, TUSD, Ethereum Network'.
<b>â± Execution Time for TrueUSD, TUSD, Ethereum Network(): 2377 ms</b>
âœ… Successfully clicked on USDC checkbox.
<b>â± Execution Time for clickUSDCElement(): 1413 ms</b>
âœ… Clicked on 'Confirm' button.
<b>â± Execution Time for clickConfirmButton(): 928 ms</b>
âœ… Pay Button Found. Clicking on it...
âœ… Pay Button Clicked Successfully
<b>â± Execution Time for clickOnPayButton(): 1830 ms</b>
âœ… Successfully entered PIN: 2580
ğŸ”¢ Entered PIN: 2580
<b>âœ… Clicked on 'Submit' button in UCPI page.</b>
âœ… No error message displayed after entering PIN: 2580
<b style='color: white; background-color: red;'>âŒ Error: Unfortunately, we are unable to process this transaction as the receiver information is unknown.</b>
ğŸ“¸ Screenshot embedded below:
<br><a href='screenshots/ReceiverInfoError_20250409_163023.png' target='_blank'><img src='screenshots/ReceiverInfoError_20250409_163023.png' height='150'/></a><br>
ğŸ“¸ Screenshot embedded below:
<br><a href='screenshots/OkayButtonVisible_20250409_163024.png' target='_blank'><img src='screenshots/OkayButtonVisible_20250409_163024.png' height='150'/></a><br>
âœ… Clicked on 'Okay' button.
<b>âœ… Pressed the Android system Back button.</b>
<b>âœ… Pressed the Android system Back button.</b>
âœ… Test completed for input: <b>7734567890</b> (Valid - Not Registered)
<hr>
<hr><b>ğŸš€ Starting Test Scenario</b>
ğŸ” <b>Test Type:</b> Max boundary | <b>Input:</b> 9999999999
<b>âœ… Clicked on the 'Pay to Mobile Number' TextView.</b>
<b>â± Execution Time for clickPayToMobileNumber(): 2756 ms</b>
ğŸ“² Intended to enter: 9999999999
ğŸ“ Actual text in field: 9999999999
<b>â± Execution Time: 5748 ms</b>
âœ… Confirmed input shown on UI: <b>9999999999</b>
âœ… Element is visible and displayed
âŒ Exception occurred while checking element or clicking Send: Expected condition failed: waiting for element to be clickable: AppiumBy.androidUIAutomator: new UiSelector().className("android.widget.TextView").text("Send").packageName("com.paycio").enabled(true).clickable(false).longClickable(false).checkable(false).checked(false).focusable(false).focused(false).scrollable(false).selected(false).index(0) (tried for 20 second(s) with 500 milliseconds interval)
Build info: version: '4.29.0', revision: '5fc1ec94cb'
System info: os.name: 'Windows 10', os.arch: 'amd64', os.version: '10.0', java.version: '23.0.2'
Driver info: io.appium.java_client.android.AndroidDriver
Capabilities {appium:app: C://Users//hp//Downloads//P..., appium:appActivity: com.paycio.MainActivity, appium:appPackage: com.paycio, appium:automationName: UIAutomator2, appium:databaseEnabled: false, appium:desired: {app: C://Users//hp//Downloads//P..., automationName: UIAutomator2, deviceName: Vivo I2208 API 34, fullReset: false, noReset: true, platformName: ANDROID}, appium:deviceApiLevel: 34, appium:deviceManufacturer: vivo, appium:deviceModel: I2208, appium:deviceName: 10BD6C0Z8R000Y5, appium:deviceScreenDensity: 440, appium:deviceScreenSize: 1080x2408, appium:deviceUDID: 10BD6C0Z8R000Y5, appium:fullReset: false, appium:javascriptEnabled: true, appium:locationContextEnabled: false, appium:networkConnectionEnabled: true, appium:noReset: true, appium:pixelRatio: 2.75, appium:platformVersion: 14, appium:statBarHeight: 88, appium:takesScreenshot: true, appium:viewportRect: {height: 2320, left: 0, top: 88, width: 1080}, appium:warnings: {}, appium:webStorageEnabled: false, platformName: ANDROID}
Session ID: c99095e0-150b-4bca-8532-36c760a57bec
<b style='color: red;'>âŒ 'Attention!' element not found on screen.</b>
<b style='color:red;'>âŒ 'I understand' button not found or not clickable.</b>
ğŸ“¸ Screenshot embedded below:
<br><a href='screenshots/Understand_Button_NotFound_20250409_163142.png' target='_blank'><img src='screenshots/Understand_Button_NotFound_20250409_163142.png' height='150'/></a><br>
âœ… Entered amount: 10.3
<b>â± Execution Time for enterAmount(): 3266 ms</b>
âŒ Failed to click 'TrueUSD, TUSD, Ethereum Network': Expected condition failed: waiting for presence of element located by: AppiumBy.androidUIAutomator: new UiSelector().className("android.view.ViewGroup").description("USDC, USDC, Ethereum Network") (tried for 20 second(s) with 500 milliseconds interval)
<b>â± Execution Time for TrueUSD, TUSD, Ethereum Network(): 20084 ms</b>
<hr><b>ğŸš€ Starting Test Scenario</b>
ğŸ” <b>Test Type:</b> Min boundary | <b>Input:</b> 8000000000
<b>âœ… Clicked on the 'Pay to Mobile Number' TextView.</b>
<b>â± Execution Time for clickPayToMobileNumber(): 3389 ms</b>
ğŸ“² Intended to enter: 8000000000
ğŸ“ Actual text in field: 8000000000
<b>â± Execution Time: 6526 ms</b>
âœ… Confirmed input shown on UI: <b>8000000000</b>
âœ… Element is visible and displayed
ğŸ“¨ Send button clicked successfully.
<b style='color: orange;'>âš ï¸ 'Attention!' alert is visible on the screen.</b>
<b style='color:green;'>âœ… Successfully clicked on 'I understand' button.</b>
ğŸ“¸ Screenshot embedded below:
<br><a href='screenshots/Clicked_I_Understand_20250409_163224.png' target='_blank'><img src='screenshots/Clicked_I_Understand_20250409_163224.png' height='150'/></a><br>
âœ… Entered amount: 10.3
<b>â± Execution Time for enterAmount(): 3953 ms</b>
âœ… Clicked on 'TrueUSD, TUSD, Ethereum Network'.
<b>â± Execution Time for TrueUSD, TUSD, Ethereum Network(): 1360 ms</b>
âœ… Successfully clicked on USDC checkbox.
<b>â± Execution Time for clickUSDCElement(): 2333 ms</b>
âœ… Clicked on 'Confirm' button.
<b>â± Execution Time for clickConfirmButton(): 781 ms</b>
âœ… Pay Button Found. Clicking on it...
âœ… Pay Button Clicked Successfully
<b>â± Execution Time for clickOnPayButton(): 2112 ms</b>
âœ… Successfully entered PIN: 2580
ğŸ”¢ Entered PIN: 2580
<b>âœ… Clicked on 'Submit' button in UCPI page.</b>
âœ… No error message displayed after entering PIN: 2580
<b style='color: white; background-color: red;'>âŒ Error: Unfortunately, we are unable to process this transaction as the receiver information is unknown.</b>
ğŸ“¸ Screenshot embedded below:
<br><a href='screenshots/ReceiverInfoError_20250409_163251.png' target='_blank'><img src='screenshots/ReceiverInfoError_20250409_163251.png' height='150'/></a><br>
ğŸ“¸ Screenshot embedded below:
<br><a href='screenshots/OkayButtonVisible_20250409_163253.png' target='_blank'><img src='screenshots/OkayButtonVisible_20250409_163253.png' height='150'/></a><br>
âœ… Clicked on 'Okay' button.
<b>âœ… Pressed the Android system Back button.</b>
<b>âœ… Pressed the Android system Back button.</b>
âœ… Test completed for input: <b>8000000000</b> (Min boundary)
<hr>
<hr><b>ğŸš€ Starting Test Scenario</b>
ğŸ” <b>Test Type:</b> Below Min - Invalid | <b>Input:</b> 7999999999
<b>âœ… Clicked on the 'Pay to Mobile Number' TextView.</b>
<b>â± Execution Time for clickPayToMobileNumber(): 3558 ms</b>
ğŸ“² Intended to enter: 7999999999
ğŸ“ Actual text in field: 7999999999
<b>â± Execution Time: 7475 ms</b>
âœ… Confirmed input shown on UI: <b>7999999999</b>
âœ… Element is visible and displayed
ğŸ“¨ Send button clicked successfully.
<b style='color: orange;'>âš ï¸ 'Attention!' alert is visible on the screen.</b>
<b style='color:green;'>âœ… Successfully clicked on 'I understand' button.</b>
ğŸ“¸ Screenshot embedded below:
<br><a href='screenshots/Clicked_I_Understand_20250409_163312.png' target='_blank'><img src='screenshots/Clicked_I_Understand_20250409_163312.png' height='150'/></a><br>
âœ… Entered amount: 10.3
<b>â± Execution Time for enterAmount(): 4256 ms</b>
âœ… Clicked on 'TrueUSD, TUSD, Ethereum Network'.
<b>â± Execution Time for TrueUSD, TUSD, Ethereum Network(): 2296 ms</b>
âœ… Successfully clicked on USDC checkbox.
<b>â± Execution Time for clickUSDCElement(): 2873 ms</b>
âœ… Clicked on 'Confirm' button.
<b>â± Execution Time for clickConfirmButton(): 408 ms</b>
âœ… Pay Button Found. Clicking on it...
âœ… Pay Button Clicked Successfully
<b>â± Execution Time for clickOnPayButton(): 546 ms</b>
âœ… Successfully entered PIN: 2580
ğŸ”¢ Entered PIN: 2580
<b>âœ… Clicked on 'Submit' button in UCPI page.</b>
âœ… No error message displayed after entering PIN: 2580
<b style='color: white; background-color: red;'>âŒ Error: Unfortunately, we are unable to process this transaction as the receiver information is unknown.</b>
ğŸ“¸ Screenshot embedded below:
<br><a href='screenshots/ReceiverInfoError_20250409_163338.png' target='_blank'><img src='screenshots/ReceiverInfoError_20250409_163338.png' height='150'/></a><br>
ğŸ“¸ Screenshot embedded below:
<br><a href='screenshots/OkayButtonVisible_20250409_163339.png' target='_blank'><img src='screenshots/OkayButtonVisible_20250409_163339.png' height='150'/></a><br>
âœ… Clicked on 'Okay' button.
<b>âœ… Pressed the Android system Back button.</b>
<b>âœ… Pressed the Android system Back button.</b>
âœ… Test completed for input: <b>7999999999</b> (Below Min - Invalid)
<hr>
<hr><b>ğŸš€ Starting Test Scenario</b>
ğŸ” <b>Test Type:</b> Above Max - Invalid | <b>Input:</b> 10000000000
<b>âœ… Clicked on the 'Pay to Mobile Number' TextView.</b>
<b>â± Execution Time for clickPayToMobileNumber(): 2813 ms</b>
ğŸ“² Intended to enter: 10000000000
ğŸ“ Actual text in field: 10000000000
<b>â± Execution Time: 5506 ms</b>
âœ… Confirmed input shown on UI: <b>10000000000</b>
âœ… Element is visible and displayed
âŒ Exception occurred while checking element or clicking Send: Expected condition failed: waiting for element to be clickable: AppiumBy.androidUIAutomator: new UiSelector().className("android.widget.TextView").text("Send").packageName("com.paycio").enabled(true).clickable(false).longClickable(false).checkable(false).checked(false).focusable(false).focused(false).scrollable(false).selected(false).index(0) (tried for 20 second(s) with 500 milliseconds interval)
Build info: version: '4.29.0', revision: '5fc1ec94cb'
System info: os.name: 'Windows 10', os.arch: 'amd64', os.version: '10.0', java.version: '23.0.2'
Driver info: io.appium.java_client.android.AndroidDriver
Capabilities {appium:app: C://Users//hp//Downloads//P..., appium:appActivity: com.paycio.MainActivity, appium:appPackage: com.paycio, appium:automationName: UIAutomator2, appium:databaseEnabled: false, appium:desired: {app: C://Users//hp//Downloads//P..., automationName: UIAutomator2, deviceName: Vivo I2208 API 34, fullReset: false, noReset: true, platformName: ANDROID}, appium:deviceApiLevel: 34, appium:deviceManufacturer: vivo, appium:deviceModel: I2208, appium:deviceName: 10BD6C0Z8R000Y5, appium:deviceScreenDensity: 440, appium:deviceScreenSize: 1080x2408, appium:deviceUDID: 10BD6C0Z8R000Y5, appium:fullReset: false, appium:javascriptEnabled: true, appium:locationContextEnabled: false, appium:networkConnectionEnabled: true, appium:noReset: true, appium:pixelRatio: 2.75, appium:platformVersion: 14, appium:statBarHeight: 88, appium:takesScreenshot: true, appium:viewportRect: {height: 2320, left: 0, top: 88, width: 1080}, appium:warnings: {}, appium:webStorageEnabled: false, platformName: ANDROID}
Session ID: c99095e0-150b-4bca-8532-36c760a57bec
<b style='color: red;'>âŒ 'Attention!' element not found on screen.</b>
<b style='color:red;'>âŒ 'I understand' button not found or not clickable.</b>
ğŸ“¸ Screenshot embedded below:
<br><a href='screenshots/Understand_Button_NotFound_20250409_163453.png' target='_blank'><img src='screenshots/Understand_Button_NotFound_20250409_163453.png' height='150'/></a><br>
âŒ Failed to enter amount: Expected condition failed: waiting for presence of element located by: AppiumBy.androidUIAutomator: new UiSelector().className("android.widget.EditText") (tried for 20 second(s) with 500 milliseconds interval)
<b>â± Execution Time for enterAmount(): 20584 ms</b>
<hr><b>ğŸš€ Starting Test Scenario</b>
ğŸ” <b>Test Type:</b> Invalid - Special characters | <b>Input:</b> 98@#123456
<b>âœ… Clicked on the 'Pay to Mobile Number' TextView.</b>
<b>â± Execution Time for clickPayToMobileNumber(): 4007 ms</b>
ğŸ“² Intended to enter: 98@#123456
ğŸ“ Actual text in field: 98@#123456
<b>â± Execution Time: 6764 ms</b>
âœ… Confirmed input shown on UI: <b>98@#123456</b>
âœ… Element is visible and displayed
âŒ Exception occurred while checking element or clicking Send: Expected condition failed: waiting for element to be clickable: AppiumBy.androidUIAutomator: new UiSelector().className("android.widget.TextView").text("Send").packageName("com.paycio").enabled(true).clickable(false).longClickable(false).checkable(false).checked(false).focusable(false).focused(false).scrollable(false).selected(false).index(0) (tried for 20 second(s) with 500 milliseconds interval)
Build info: version: '4.29.0', revision: '5fc1ec94cb'
System info: os.name: 'Windows 10', os.arch: 'amd64', os.version: '10.0', java.version: '23.0.2'
Driver info: io.appium.java_client.android.AndroidDriver
Capabilities {appium:app: C://Users//hp//Downloads//P..., appium:appActivity: com.paycio.MainActivity, appium:appPackage: com.paycio, appium:automationName: UIAutomator2, appium:databaseEnabled: false, appium:desired: {app: C://Users//hp//Downloads//P..., automationName: UIAutomator2, deviceName: Vivo I2208 API 34, fullReset: false, noReset: true, platformName: ANDROID}, appium:deviceApiLevel: 34, appium:deviceManufacturer: vivo, appium:deviceModel: I2208, appium:deviceName: 10BD6C0Z8R000Y5, appium:deviceScreenDensity: 440, appium:deviceScreenSize: 1080x2408, appium:deviceUDID: 10BD6C0Z8R000Y5, appium:fullReset: false, appium:javascriptEnabled: true, appium:locationContextEnabled: false, appium:networkConnectionEnabled: true, appium:noReset: true, appium:pixelRatio: 2.75, appium:platformVersion: 14, appium:statBarHeight: 88, appium:takesScreenshot: true, appium:viewportRect: {height: 2320, left: 0, top: 88, width: 1080}, appium:warnings: {}, appium:webStorageEnabled: false, platformName: ANDROID}
Session ID: c99095e0-150b-4bca-8532-36c760a57bec
<b style='color: red;'>âŒ 'Attention!' element not found on screen.</b>
<b style='color:red;'>âŒ 'I understand' button not found or not clickable.</b>
ğŸ“¸ Screenshot embedded below:
<br><a href='screenshots/Understand_Button_NotFound_20250409_163634.png' target='_blank'><img src='screenshots/Understand_Button_NotFound_20250409_163634.png' height='150'/></a><br>
âŒ Failed to enter amount: Expected condition failed: waiting for presence of element located by: AppiumBy.androidUIAutomator: new UiSelector().className("android.widget.EditText") (tried for 20 second(s) with 500 milliseconds interval)
<b>â± Execution Time for enterAmount(): 21053 ms</b>
<hr><b>ğŸš€ Starting Test Scenario</b>
ğŸ” <b>Test Type:</b> Invalid - Alphabets only | <b>Input:</b> abcdefghij
<b>âœ… Clicked on the 'Pay to Mobile Number' TextView.</b>
<b>â± Execution Time for clickPayToMobileNumber(): 5259 ms</b>
ğŸ“² Intended to enter: abcdefghij
ğŸ“ Actual text in field: abcdefghij
<b>â± Execution Time: 6821 ms</b>
âœ… Confirmed input shown on UI: <b>abcdefghij</b>
âœ… Element is visible and displayed
âŒ Exception occurred while checking element or clicking Send: Expected condition failed: waiting for element to be clickable: AppiumBy.androidUIAutomator: new UiSelector().className("android.widget.TextView").text("Send").packageName("com.paycio").enabled(true).clickable(false).longClickable(false).checkable(false).checked(false).focusable(false).focused(false).scrollable(false).selected(false).index(0) (tried for 20 second(s) with 500 milliseconds interval)
Build info: version: '4.29.0', revision: '5fc1ec94cb'
System info: os.name: 'Windows 10', os.arch: 'amd64', os.version: '10.0', java.version: '23.0.2'
Driver info: io.appium.java_client.android.AndroidDriver
Capabilities {appium:app: C://Users//hp//Downloads//P..., appium:appActivity: com.paycio.MainActivity, appium:appPackage: com.paycio, appium:automationName: UIAutomator2, appium:databaseEnabled: false, appium:desired: {app: C://Users//hp//Downloads//P..., automationName: UIAutomator2, deviceName: Vivo I2208 API 34, fullReset: false, noReset: true, platformName: ANDROID}, appium:deviceApiLevel: 34, appium:deviceManufacturer: vivo, appium:deviceModel: I2208, appium:deviceName: 10BD6C0Z8R000Y5, appium:deviceScreenDensity: 440, appium:deviceScreenSize: 1080x2408, appium:deviceUDID: 10BD6C0Z8R000Y5, appium:fullReset: false, appium:javascriptEnabled: true, appium:locationContextEnabled: false, appium:networkConnectionEnabled: true, appium:noReset: true, appium:pixelRatio: 2.75, appium:platformVersion: 14, appium:statBarHeight: 88, appium:takesScreenshot: true, appium:viewportRect: {height: 2320, left: 0, top: 88, width: 1080}, appium:warnings: {}, appium:webStorageEnabled: false, platformName: ANDROID}
Session ID: c99095e0-150b-4bca-8532-36c760a57bec
<b style='color: red;'>âŒ 'Attention!' element not found on screen.</b>
<b style='color:red;'>âŒ 'I understand' button not found or not clickable.</b>
ğŸ“¸ Screenshot embedded below:
<br><a href='screenshots/Understand_Button_NotFound_20250409_163815.png' target='_blank'><img src='screenshots/Understand_Button_NotFound_20250409_163815.png' height='150'/></a><br>
âœ… Entered amount: 10.3
<b>â± Execution Time for enterAmount(): 3499 ms</b>
âŒ Failed to click 'TrueUSD, TUSD, Ethereum Network': Expected condition failed: waiting for presence of element located by: AppiumBy.androidUIAutomator: new UiSelector().className("android.view.ViewGroup").description("USDC, USDC, Ethereum Network") (tried for 20 second(s) with 500 milliseconds interval)
<b>â± Execution Time for TrueUSD, TUSD, Ethereum Network(): 21563 ms</b>
<hr><b>ğŸš€ Starting Test Scenario</b>
ğŸ” <b>Test Type:</b> Empty input | <b>Input:</b> 
<b>âœ… Clicked on the 'Pay to Mobile Number' TextView.</b>
<b>â± Execution Time for clickPayToMobileNumber(): 3823 ms</b>
ğŸ“² Intended to enter: 
ğŸ“ Actual text in field: Enter Number / Name
<b>â± Execution Time: 6637 ms</b>
âœ… Confirmed input shown on UI: <b>Enter Number / Name</b>
âœ… Element is visible and displayed
âŒ Exception occurred while checking element or clicking Send: Expected condition failed: waiting for element to be clickable: AppiumBy.androidUIAutomator: new UiSelector().className("android.widget.TextView").text("Send").packageName("com.paycio").enabled(true).clickable(false).longClickable(false).checkable(false).checked(false).focusable(false).focused(false).scrollable(false).selected(false).index(0) (tried for 20 second(s) with 500 milliseconds interval)
Build info: version: '4.29.0', revision: '5fc1ec94cb'
System info: os.name: 'Windows 10', os.arch: 'amd64', os.version: '10.0', java.version: '23.0.2'
Driver info: io.appium.java_client.android.AndroidDriver
Capabilities {appium:app: C://Users//hp//Downloads//P..., appium:appActivity: com.paycio.MainActivity, appium:appPackage: com.paycio, appium:automationName: UIAutomator2, appium:databaseEnabled: false, appium:desired: {app: C://Users//hp//Downloads//P..., automationName: UIAutomator2, deviceName: Vivo I2208 API 34, fullReset: false, noReset: true, platformName: ANDROID}, appium:deviceApiLevel: 34, appium:deviceManufacturer: vivo, appium:deviceModel: I2208, appium:deviceName: 10BD6C0Z8R000Y5, appium:deviceScreenDensity: 440, appium:deviceScreenSize: 1080x2408, appium:deviceUDID: 10BD6C0Z8R000Y5, appium:fullReset: false, appium:javascriptEnabled: true, appium:locationContextEnabled: false, appium:networkConnectionEnabled: true, appium:noReset: true, appium:pixelRatio: 2.75, appium:platformVersion: 14, appium:statBarHeight: 88, appium:takesScreenshot: true, appium:viewportRect: {height: 2320, left: 0, top: 88, width: 1080}, appium:warnings: {}, appium:webStorageEnabled: false, platformName: ANDROID}
Session ID: c99095e0-150b-4bca-8532-36c760a57bec
<b style='color: red;'>âŒ 'Attention!' element not found on screen.</b>
<b style='color:red;'>âŒ 'I understand' button not found or not clickable.</b>
ğŸ“¸ Screenshot embedded below:
<br><a href='screenshots/Understand_Button_NotFound_20250409_164000.png' target='_blank'><img src='screenshots/Understand_Button_NotFound_20250409_164000.png' height='150'/></a><br>
âŒ Failed to enter amount: Expected condition failed: waiting for presence of element located by: AppiumBy.androidUIAutomator: new UiSelector().className("android.widget.EditText") (tried for 20 second(s) with 500 milliseconds interval)
<b>â± Execution Time for enterAmount(): 20673 ms</b>
<hr><b>ğŸš€ Starting Test Scenario</b>
ğŸ” <b>Test Type:</b> Expected to proceed | <b>Input:</b> 9123456789
<b>âœ… Clicked on the 'Pay to Mobile Number' TextView.</b>
<b>â± Execution Time for clickPayToMobileNumber(): 5298 ms</b>
ğŸ“² Intended to enter: 9123456789
ğŸ“ Actual text in field: 9123456789
<b>â± Execution Time: 5333 ms</b>
âœ… Confirmed input shown on UI: <b>9123456789</b>
âœ… Element is visible and displayed
ğŸ“¨ Send button clicked successfully.
<b style='color: orange;'>âš ï¸ 'Attention!' alert is visible on the screen.</b>
<b style='color:green;'>âœ… Successfully clicked on 'I understand' button.</b>
ğŸ“¸ Screenshot embedded below:
<br><a href='screenshots/Clicked_I_Understand_20250409_164043.png' target='_blank'><img src='screenshots/Clicked_I_Understand_20250409_164043.png' height='150'/></a><br>
âœ… Entered amount: 10.3
<b>â± Execution Time for enterAmount(): 3622 ms</b>
âœ… Clicked on 'TrueUSD, TUSD, Ethereum Network'.
<b>â± Execution Time for TrueUSD, TUSD, Ethereum Network(): 2674 ms</b>
âœ… Successfully clicked on USDC checkbox.
<b>â± Execution Time for clickUSDCElement(): 1346 ms</b>
âœ… Clicked on 'Confirm' button.
<b>â± Execution Time for clickConfirmButton(): 566 ms</b>
âœ… Pay Button Found. Clicking on it...
âœ… Pay Button Clicked Successfully
<b>â± Execution Time for clickOnPayButton(): 481 ms</b>
âœ… Successfully entered PIN: 2580
ğŸ”¢ Entered PIN: 2580
<b>âœ… Clicked on 'Submit' button in UCPI page.</b>
âœ… No error message displayed after entering PIN: 2580
<b style='color: white; background-color: red;'>âŒ Error: Unfortunately, we are unable to process this transaction as the receiver information is unknown.</b>
ğŸ“¸ Screenshot embedded below:
<br><a href='screenshots/ReceiverInfoError_20250409_164108.png' target='_blank'><img src='screenshots/ReceiverInfoError_20250409_164108.png' height='150'/></a><br>
ğŸ“¸ Screenshot embedded below:
<br><a href='screenshots/OkayButtonVisible_20250409_164109.png' target='_blank'><img src='screenshots/OkayButtonVisible_20250409_164109.png' height='150'/></a><br>
âœ… Clicked on 'Okay' button.
<b>âœ… Pressed the Android system Back button.</b>
<b>âœ… Pressed the Android system Back button.</b>
âœ… Test completed for input: <b>9123456789</b> (Expected to proceed)
<hr>
<hr><b>ğŸš€ Starting Test Scenario</b>
ğŸ” <b>Test Type:</b> Expected to show error | <b>Input:</b> 8899999999
<b>âœ… Clicked on the 'Pay to Mobile Number' TextView.</b>
<b>â± Execution Time for clickPayToMobileNumber(): 3703 ms</b>
ğŸ“² Intended to enter: 8899999999
ğŸ“ Actual text in field: 8899999999
<b>â± Execution Time: 9107 ms</b>
âœ… Confirmed input shown on UI: <b>8899999999</b>
âœ… Element is visible and displayed
ğŸ“¨ Send button clicked successfully.
<b style='color: orange;'>âš ï¸ 'Attention!' alert is visible on the screen.</b>
<b style='color:green;'>âœ… Successfully clicked on 'I understand' button.</b>
ğŸ“¸ Screenshot embedded below:
<br><a href='screenshots/Clicked_I_Understand_20250409_164129.png' target='_blank'><img src='screenshots/Clicked_I_Understand_20250409_164129.png' height='150'/></a><br>
âœ… Entered amount: 10.3
<b>â± Execution Time for enterAmount(): 4407 ms</b>
âœ… Clicked on 'TrueUSD, TUSD, Ethereum Network'.
<b>â± Execution Time for TrueUSD, TUSD, Ethereum Network(): 1692 ms</b>
âœ… Successfully clicked on USDC checkbox.
<b>â± Execution Time for clickUSDCElement(): 2347 ms</b>
âœ… Clicked on 'Confirm' button.
<b>â± Execution Time for clickConfirmButton(): 396 ms</b>
âœ… Pay Button Found. Clicking on it...
âœ… Pay Button Clicked Successfully
<b>â± Execution Time for clickOnPayButton(): 1759 ms</b>
âœ… Successfully entered PIN: 2580
ğŸ”¢ Entered PIN: 2580
<b>âœ… Clicked on 'Submit' button in UCPI page.</b>
âœ… No error message displayed after entering PIN: 2580
<b style='color: white; background-color: red;'>âŒ Error: Unfortunately, we are unable to process this transaction as the receiver information is unknown.</b>
ğŸ“¸ Screenshot embedded below:
<br><a href='screenshots/ReceiverInfoError_20250409_164156.png' target='_blank'><img src='screenshots/ReceiverInfoError_20250409_164156.png' height='150'/></a><br>
ğŸ“¸ Screenshot embedded below:
<br><a href='screenshots/OkayButtonVisible_20250409_164157.png' target='_blank'><img src='screenshots/OkayButtonVisible_20250409_164157.png' height='150'/></a><br>
âœ… Clicked on 'Okay' button.
<b>âœ… Pressed the Android system Back button.</b>
<b>âœ… Pressed the Android system Back button.</b>
âœ… Test completed for input: <b>8899999999</b> (Expected to show error)
<hr>]]>
  </system-out>
</testsuite> <!-- Tests.PayToMobileNumber -->
