<?xml version="1.0" encoding="UTF-8"?>
<!-- Generated by org.testng.reporters.JUnitReportReporter -->
<testsuite hostname="DESKTOP-FQ8REV2" failures="0" tests="1" name="Tests.CreateMerchantTest" time="29.121" errors="0" timestamp="2025-04-15T11:30:20 IST" skipped="0">
  <testcase classname="Tests.CreateMerchantTest" name="CreateMerchantScenario" time="29.121">
    <system-out>
      <![CDATA[Clicked the 'Welcome Back' button.
clicked  merchantButton
'Test1' has been typed into the field.
'vkautomationtesting@gmail.com' has been typed into the field.
Clicekd on Select category
'Automotive' TextView has been clicked.
Clicked on Selected All Check box
CLicked on Confirm Button 
clicked on create Merchant button
📷 Screenshot [PASS]: <a href='test-output/screenshots/CreateMerchantScenario_PASS_20250415_113019.png'>View</a>]]>
    </system-out>
  </testcase> <!-- CreateMerchantScenario -->
  <system-out>
    <![CDATA[Clicked the 'Welcome Back' button.
clicked  merchantButton
'Test1' has been typed into the field.
'vkautomationtesting@gmail.com' has been typed into the field.
Clicekd on Select category
'Automotive' TextView has been clicked.
Clicked on Selected All Check box
CLicked on Confirm Button 
clicked on create Merchant button
📷 Screenshot [PASS]: <a href='test-output/screenshots/CreateMerchantScenario_PASS_20250415_113019.png'>View</a>]]>
  </system-out>
</testsuite> <!-- Tests.CreateMerchantTest -->
