<?xml version="1.0" encoding="UTF-8"?>
<!-- Generated by org.testng.reporters.JUnitReportReporter -->
<testsuite hostname="DESKTOP-FQ8REV2" failures="0" tests="1" name="Tests.OperationsTest" time="286.854" errors="0" timestamp="2025-03-26T12:33:48 IST" skipped="0">
  <testcase classname="Tests.OperationsTest" name="Operations_Buttons_Scenario" time="286.854">
    <system-out>
      <![CDATA[<b>✅ Clicked on the 'Scan any QR Code' TextView.</b>
<b>⏱ Execution Time for clickScanQrCode(): 5227 ms</b>
<b>❌ An error occurred while interacting with 'Upload QR': </b>Expected condition failed: waiting for element to be clickable: Proxy element for: DefaultElementLocator 'By.xpath: //android.widget.TextView[@text='Upload QR']' (tried for 20 second(s) with 500 milliseconds interval)
<b>❌ An error occurred while selecting an album: </b>Expected condition failed: waiting for element to be clickable: Proxy element for: DefaultElementLocator 'By.xpath: 
//android.widget.ImageView[@resource-id="com.google.android.providers.media.module:id/icon_thumbnail"]' (tried for 20 second(s) with 500 milliseconds interval)
<b>❌ An error occurred while entering the withdrawal amount: </b>Expected condition failed: waiting for element to be clickable: Proxy element for: DefaultElementLocator 'By.xpath: //android.widget.EditText[@text='Minimum 10 USD']' (tried for 20 second(s) with 500 milliseconds interval)
<b>❌ Error: Submit button not found or not clickable. </b>An element could not be located on the page using the given search parameters.
For documentation on this error, please visit: https://www.selenium.dev/documentation/webdriver/troubleshooting/errors#no-such-element-exception
Build info: version: '4.29.0', revision: '5fc1ec94cb'
System info: os.name: 'Windows 10', os.arch: 'amd64', os.version: '10.0', java.version: '23.0.2'
Driver info: io.appium.java_client.android.AndroidDriver
Command: [f6bc5279-c125-478e-85cc-2fb5e092a220, findElement {using=-android uiautomator, value=new UiSelector().className("android.widget.TextView").text(" Submit")}]
Capabilities {appium:app: C://Users//hp//Downloads//P..., appium:appActivity: com.paycio.MainActivity, appium:appPackage: com.paycio, appium:automationName: UIAutomator2, appium:databaseEnabled: false, appium:desired: {app: C://Users//hp//Downloads//P..., automationName: UIAutomator2, deviceName: Vivo I2208 API 34, fullReset: false, noReset: true, platformName: ANDROID}, appium:deviceApiLevel: 34, appium:deviceManufacturer: vivo, appium:deviceModel: I2208, appium:deviceName: 10BD6C0Z8R000Y5, appium:deviceScreenDensity: 440, appium:deviceScreenSize: 1080x2408, appium:deviceUDID: 10BD6C0Z8R000Y5, appium:fullReset: false, appium:javascriptEnabled: true, appium:locationContextEnabled: false, appium:networkConnectionEnabled: true, appium:noReset: true, appium:pixelRatio: 2.75, appium:platformVersion: 14, appium:statBarHeight: 88, appium:takesScreenshot: true, appium:viewportRect: {height: 2320, left: 0, top: 88, width: 1080}, appium:warnings: {}, appium:webStorageEnabled: false, platformName: ANDROID}
Session ID: f6bc5279-c125-478e-85cc-2fb5e092a220
✅ Successfully entered PIN: 2580
🔢 Entered PIN: 2580
<b>❌ An error occurred while clicking 'Submit' button: </b>An element could not be located on the page using the given search parameters.
For documentation on this error, please visit: https://www.selenium.dev/documentation/webdriver/troubleshooting/errors#no-such-element-exception
Build info: version: '4.29.0', revision: '5fc1ec94cb'
System info: os.name: 'Windows 10', os.arch: 'amd64', os.version: '10.0', java.version: '23.0.2'
Driver info: io.appium.java_client.android.AndroidDriver
Command: [f6bc5279-c125-478e-85cc-2fb5e092a220, findElement {using=xpath, value=//android.widget.TextView[@text="Submit"]}]
Capabilities {appium:app: C://Users//hp//Downloads//P..., appium:appActivity: com.paycio.MainActivity, appium:appPackage: com.paycio, appium:automationName: UIAutomator2, appium:databaseEnabled: false, appium:desired: {app: C://Users//hp//Downloads//P..., automationName: UIAutomator2, deviceName: Vivo I2208 API 34, fullReset: false, noReset: true, platformName: ANDROID}, appium:deviceApiLevel: 34, appium:deviceManufacturer: vivo, appium:deviceModel: I2208, appium:deviceName: 10BD6C0Z8R000Y5, appium:deviceScreenDensity: 440, appium:deviceScreenSize: 1080x2408, appium:deviceUDID: 10BD6C0Z8R000Y5, appium:fullReset: false, appium:javascriptEnabled: true, appium:locationContextEnabled: false, appium:networkConnectionEnabled: true, appium:noReset: true, appium:pixelRatio: 2.75, appium:platformVersion: 14, appium:statBarHeight: 88, appium:takesScreenshot: true, appium:viewportRect: {height: 2320, left: 0, top: 88, width: 1080}, appium:warnings: {}, appium:webStorageEnabled: false, platformName: ANDROID}
Session ID: f6bc5279-c125-478e-85cc-2fb5e092a220
✅ PIN accepted: 2580, proceeding to the next page.
<b>❌ An error occurred while clicking 'Submit' button: </b>An element could not be located on the page using the given search parameters.
For documentation on this error, please visit: https://www.selenium.dev/documentation/webdriver/troubleshooting/errors#no-such-element-exception
Build info: version: '4.29.0', revision: '5fc1ec94cb'
System info: os.name: 'Windows 10', os.arch: 'amd64', os.version: '10.0', java.version: '23.0.2'
Driver info: io.appium.java_client.android.AndroidDriver
Command: [f6bc5279-c125-478e-85cc-2fb5e092a220, findElement {using=xpath, value=//android.widget.TextView[@text="Submit"]}]
Capabilities {appium:app: C://Users//hp//Downloads//P..., appium:appActivity: com.paycio.MainActivity, appium:appPackage: com.paycio, appium:automationName: UIAutomator2, appium:databaseEnabled: false, appium:desired: {app: C://Users//hp//Downloads//P..., automationName: UIAutomator2, deviceName: Vivo I2208 API 34, fullReset: false, noReset: true, platformName: ANDROID}, appium:deviceApiLevel: 34, appium:deviceManufacturer: vivo, appium:deviceModel: I2208, appium:deviceName: 10BD6C0Z8R000Y5, appium:deviceScreenDensity: 440, appium:deviceScreenSize: 1080x2408, appium:deviceUDID: 10BD6C0Z8R000Y5, appium:fullReset: false, appium:javascriptEnabled: true, appium:locationContextEnabled: false, appium:networkConnectionEnabled: true, appium:noReset: true, appium:pixelRatio: 2.75, appium:platformVersion: 14, appium:statBarHeight: 88, appium:takesScreenshot: true, appium:viewportRect: {height: 2320, left: 0, top: 88, width: 1080}, appium:warnings: {}, appium:webStorageEnabled: false, platformName: ANDROID}
Session ID: f6bc5279-c125-478e-85cc-2fb5e092a220
<b>❌ An error occurred while verifying element visibility:</b> Expected condition failed: waiting for presence of element located by: By.xpath: //android.widget.FrameLayout[@resource-id='android:id/content']/android.widget.FrameLayout/android.view.ViewGroup/android.view.ViewGroup/android.view.ViewGroup[2] (tried for 20 second(s) with 500 milliseconds interval)
✅Successfully clicked on the cancel button , 
<b>✅ Pressed the Android system Back button.</b>
<b>✅ Clicked on the 'Pay to Mobile Number' TextView.</b>
<b>⏱ Execution Time for clickPayToMobileNumber(): 4518 ms</b>
✅ Clicked and entered number in the 'Enter Number / Name' EditText field.
<b>⏱ Execution Time for clickEditTextField(): 2585 ms</b>
✅ Successfully clicked on the specified name ('Tap to pay').
<b>⏱ Execution Time for clickIfNameAppears(): 5166 ms</b>
✅ Entered amount: 10
<b>⏱ Execution Time for enterAmount(): 3398 ms</b>
✅ Clicked on 'Bitcoin, BTC, Bitcoin Mainnet'.
<b>⏱ Execution Time for clickBitcoinElement(): 2152 ms</b>
✅ Successfully clicked on USDC checkbox.
<b>⏱ Execution Time for clickUSDCElement(): 7038 ms</b>
✅ Clicked on 'Confirm' button.
<b>⏱ Execution Time for clickConfirmButton(): 521 ms</b>
✅ Pay Button Found. Clicking on it...
✅ Pay Button Clicked Successfully
<b>⏱ Execution Time for clickOnPayButton(): 1585 ms</b>
✅ Successfully entered PIN: 2580
🔢 Entered PIN: 2580
<b>✅ Clicked on 'Submit' button in UCPI page.</b>
✅ PIN accepted: 2580, proceeding to the next page.
<b>❌ An error occurred while clicking 'Submit' button: </b>An element could not be located on the page using the given search parameters.
For documentation on this error, please visit: https://www.selenium.dev/documentation/webdriver/troubleshooting/errors#no-such-element-exception
Build info: version: '4.29.0', revision: '5fc1ec94cb'
System info: os.name: 'Windows 10', os.arch: 'amd64', os.version: '10.0', java.version: '23.0.2'
Driver info: io.appium.java_client.android.AndroidDriver
Command: [f6bc5279-c125-478e-85cc-2fb5e092a220, findElement {using=xpath, value=//android.widget.TextView[@text="Submit"]}]
Capabilities {appium:app: C://Users//hp//Downloads//P..., appium:appActivity: com.paycio.MainActivity, appium:appPackage: com.paycio, appium:automationName: UIAutomator2, appium:databaseEnabled: false, appium:desired: {app: C://Users//hp//Downloads//P..., automationName: UIAutomator2, deviceName: Vivo I2208 API 34, fullReset: false, noReset: true, platformName: ANDROID}, appium:deviceApiLevel: 34, appium:deviceManufacturer: vivo, appium:deviceModel: I2208, appium:deviceName: 10BD6C0Z8R000Y5, appium:deviceScreenDensity: 440, appium:deviceScreenSize: 1080x2408, appium:deviceUDID: 10BD6C0Z8R000Y5, appium:fullReset: false, appium:javascriptEnabled: true, appium:locationContextEnabled: false, appium:networkConnectionEnabled: true, appium:noReset: true, appium:pixelRatio: 2.75, appium:platformVersion: 14, appium:statBarHeight: 88, appium:takesScreenshot: true, appium:viewportRect: {height: 2320, left: 0, top: 88, width: 1080}, appium:warnings: {}, appium:webStorageEnabled: false, platformName: ANDROID}
Session ID: f6bc5279-c125-478e-85cc-2fb5e092a220
✅ Transaction Success Message Displayed: Transaction Successfull
<b>⏱ Execution Time for verifyTransactionSuccess(): 5606 ms</b>
✅Successfully clicked on the cancel button , 
<b>✅ Pressed the Android system Back button.</b>
<b>✅ Pressed the Android system Back button.</b>
<b>✅ Clicked on the 'Pay Contacts / Address' TextView.</b>
✅ Clicked and entered contact name in the 'Enter Number / Name' EditText field.
<b>⏱ Execution Time for clickEditTextField(): 4328 ms</b>
✅ Successfully clicked on the specified contact ('Subbu Paycio, 6304869664').
<b>⏱ Execution Time for clickIfNameAppearsForContacts(): 2269 ms</b>
✅ Entered amount: 10
<b>⏱ Execution Time for enterAmount(): 3468 ms</b>
✅ Clicked on 'Bitcoin, BTC, Bitcoin Mainnet'.
<b>⏱ Execution Time for clickBitcoinElement(): 2443 ms</b>
✅ Successfully clicked on USDC checkbox.
<b>⏱ Execution Time for clickUSDCElement(): 6295 ms</b>
✅ Clicked on 'Confirm' button.
<b>⏱ Execution Time for clickConfirmButton(): 625 ms</b>
✅ Pay Button Found. Clicking on it...
✅ Pay Button Clicked Successfully
<b>⏱ Execution Time for clickOnPayButton(): 1041 ms</b>
✅ Successfully entered PIN: 2580
🔢 Entered PIN: 2580
<b>✅ Clicked on 'Submit' button in UCPI page.</b>
✅ PIN accepted: 2580, proceeding to the next page.
<b>❌ An error occurred while clicking 'Submit' button: </b>An element could not be located on the page using the given search parameters.
For documentation on this error, please visit: https://www.selenium.dev/documentation/webdriver/troubleshooting/errors#no-such-element-exception
Build info: version: '4.29.0', revision: '5fc1ec94cb'
System info: os.name: 'Windows 10', os.arch: 'amd64', os.version: '10.0', java.version: '23.0.2'
Driver info: io.appium.java_client.android.AndroidDriver
Command: [f6bc5279-c125-478e-85cc-2fb5e092a220, findElement {using=xpath, value=//android.widget.TextView[@text="Submit"]}]
Capabilities {appium:app: C://Users//hp//Downloads//P..., appium:appActivity: com.paycio.MainActivity, appium:appPackage: com.paycio, appium:automationName: UIAutomator2, appium:databaseEnabled: false, appium:desired: {app: C://Users//hp//Downloads//P..., automationName: UIAutomator2, deviceName: Vivo I2208 API 34, fullReset: false, noReset: true, platformName: ANDROID}, appium:deviceApiLevel: 34, appium:deviceManufacturer: vivo, appium:deviceModel: I2208, appium:deviceName: 10BD6C0Z8R000Y5, appium:deviceScreenDensity: 440, appium:deviceScreenSize: 1080x2408, appium:deviceUDID: 10BD6C0Z8R000Y5, appium:fullReset: false, appium:javascriptEnabled: true, appium:locationContextEnabled: false, appium:networkConnectionEnabled: true, appium:noReset: true, appium:pixelRatio: 2.75, appium:platformVersion: 14, appium:statBarHeight: 88, appium:takesScreenshot: true, appium:viewportRect: {height: 2320, left: 0, top: 88, width: 1080}, appium:warnings: {}, appium:webStorageEnabled: false, platformName: ANDROID}
Session ID: f6bc5279-c125-478e-85cc-2fb5e092a220
✅ Transaction Success Message Displayed: Transaction Successfull
<b>⏱ Execution Time for verifyTransactionSuccess(): 5670 ms</b>
✅Successfully clicked on the cancel button , 
<b>✅ Pressed the Android system Back button.</b>
<b>✅ Pressed the Android system Back button.</b>
<b>✅ Clicked on the 'Receive Funds' TextView.</b>
✅ 'Copy' button is displayed with text: Copy
✅ 'Set Amount' button is displayed with text: Set Amount
✅ 'Share' button is displayed with text: Share
<br><img src='screenshots/Button_Verification.png' height='400' width='250'/><br>
✅ Successfully clicked on the 'Set Amount' button.
✅ Successfully clicked on the 'Set Amount' edit field.
✅ Successfully entered amount: 10.
✅ OK Button is clickable.
✅ Successfully clicked on the OK Button.]]>
    </system-out>
  </testcase> <!-- Operations_Buttons_Scenario -->
  <system-out>
    <![CDATA[<b>✅ Clicked on the 'Scan any QR Code' TextView.</b>
<b>⏱ Execution Time for clickScanQrCode(): 5227 ms</b>
<b>❌ An error occurred while interacting with 'Upload QR': </b>Expected condition failed: waiting for element to be clickable: Proxy element for: DefaultElementLocator 'By.xpath: //android.widget.TextView[@text='Upload QR']' (tried for 20 second(s) with 500 milliseconds interval)
<b>❌ An error occurred while selecting an album: </b>Expected condition failed: waiting for element to be clickable: Proxy element for: DefaultElementLocator 'By.xpath: 
//android.widget.ImageView[@resource-id="com.google.android.providers.media.module:id/icon_thumbnail"]' (tried for 20 second(s) with 500 milliseconds interval)
<b>❌ An error occurred while entering the withdrawal amount: </b>Expected condition failed: waiting for element to be clickable: Proxy element for: DefaultElementLocator 'By.xpath: //android.widget.EditText[@text='Minimum 10 USD']' (tried for 20 second(s) with 500 milliseconds interval)
<b>❌ Error: Submit button not found or not clickable. </b>An element could not be located on the page using the given search parameters.
For documentation on this error, please visit: https://www.selenium.dev/documentation/webdriver/troubleshooting/errors#no-such-element-exception
Build info: version: '4.29.0', revision: '5fc1ec94cb'
System info: os.name: 'Windows 10', os.arch: 'amd64', os.version: '10.0', java.version: '23.0.2'
Driver info: io.appium.java_client.android.AndroidDriver
Command: [f6bc5279-c125-478e-85cc-2fb5e092a220, findElement {using=-android uiautomator, value=new UiSelector().className("android.widget.TextView").text(" Submit")}]
Capabilities {appium:app: C://Users//hp//Downloads//P..., appium:appActivity: com.paycio.MainActivity, appium:appPackage: com.paycio, appium:automationName: UIAutomator2, appium:databaseEnabled: false, appium:desired: {app: C://Users//hp//Downloads//P..., automationName: UIAutomator2, deviceName: Vivo I2208 API 34, fullReset: false, noReset: true, platformName: ANDROID}, appium:deviceApiLevel: 34, appium:deviceManufacturer: vivo, appium:deviceModel: I2208, appium:deviceName: 10BD6C0Z8R000Y5, appium:deviceScreenDensity: 440, appium:deviceScreenSize: 1080x2408, appium:deviceUDID: 10BD6C0Z8R000Y5, appium:fullReset: false, appium:javascriptEnabled: true, appium:locationContextEnabled: false, appium:networkConnectionEnabled: true, appium:noReset: true, appium:pixelRatio: 2.75, appium:platformVersion: 14, appium:statBarHeight: 88, appium:takesScreenshot: true, appium:viewportRect: {height: 2320, left: 0, top: 88, width: 1080}, appium:warnings: {}, appium:webStorageEnabled: false, platformName: ANDROID}
Session ID: f6bc5279-c125-478e-85cc-2fb5e092a220
✅ Successfully entered PIN: 2580
🔢 Entered PIN: 2580
<b>❌ An error occurred while clicking 'Submit' button: </b>An element could not be located on the page using the given search parameters.
For documentation on this error, please visit: https://www.selenium.dev/documentation/webdriver/troubleshooting/errors#no-such-element-exception
Build info: version: '4.29.0', revision: '5fc1ec94cb'
System info: os.name: 'Windows 10', os.arch: 'amd64', os.version: '10.0', java.version: '23.0.2'
Driver info: io.appium.java_client.android.AndroidDriver
Command: [f6bc5279-c125-478e-85cc-2fb5e092a220, findElement {using=xpath, value=//android.widget.TextView[@text="Submit"]}]
Capabilities {appium:app: C://Users//hp//Downloads//P..., appium:appActivity: com.paycio.MainActivity, appium:appPackage: com.paycio, appium:automationName: UIAutomator2, appium:databaseEnabled: false, appium:desired: {app: C://Users//hp//Downloads//P..., automationName: UIAutomator2, deviceName: Vivo I2208 API 34, fullReset: false, noReset: true, platformName: ANDROID}, appium:deviceApiLevel: 34, appium:deviceManufacturer: vivo, appium:deviceModel: I2208, appium:deviceName: 10BD6C0Z8R000Y5, appium:deviceScreenDensity: 440, appium:deviceScreenSize: 1080x2408, appium:deviceUDID: 10BD6C0Z8R000Y5, appium:fullReset: false, appium:javascriptEnabled: true, appium:locationContextEnabled: false, appium:networkConnectionEnabled: true, appium:noReset: true, appium:pixelRatio: 2.75, appium:platformVersion: 14, appium:statBarHeight: 88, appium:takesScreenshot: true, appium:viewportRect: {height: 2320, left: 0, top: 88, width: 1080}, appium:warnings: {}, appium:webStorageEnabled: false, platformName: ANDROID}
Session ID: f6bc5279-c125-478e-85cc-2fb5e092a220
✅ PIN accepted: 2580, proceeding to the next page.
<b>❌ An error occurred while clicking 'Submit' button: </b>An element could not be located on the page using the given search parameters.
For documentation on this error, please visit: https://www.selenium.dev/documentation/webdriver/troubleshooting/errors#no-such-element-exception
Build info: version: '4.29.0', revision: '5fc1ec94cb'
System info: os.name: 'Windows 10', os.arch: 'amd64', os.version: '10.0', java.version: '23.0.2'
Driver info: io.appium.java_client.android.AndroidDriver
Command: [f6bc5279-c125-478e-85cc-2fb5e092a220, findElement {using=xpath, value=//android.widget.TextView[@text="Submit"]}]
Capabilities {appium:app: C://Users//hp//Downloads//P..., appium:appActivity: com.paycio.MainActivity, appium:appPackage: com.paycio, appium:automationName: UIAutomator2, appium:databaseEnabled: false, appium:desired: {app: C://Users//hp//Downloads//P..., automationName: UIAutomator2, deviceName: Vivo I2208 API 34, fullReset: false, noReset: true, platformName: ANDROID}, appium:deviceApiLevel: 34, appium:deviceManufacturer: vivo, appium:deviceModel: I2208, appium:deviceName: 10BD6C0Z8R000Y5, appium:deviceScreenDensity: 440, appium:deviceScreenSize: 1080x2408, appium:deviceUDID: 10BD6C0Z8R000Y5, appium:fullReset: false, appium:javascriptEnabled: true, appium:locationContextEnabled: false, appium:networkConnectionEnabled: true, appium:noReset: true, appium:pixelRatio: 2.75, appium:platformVersion: 14, appium:statBarHeight: 88, appium:takesScreenshot: true, appium:viewportRect: {height: 2320, left: 0, top: 88, width: 1080}, appium:warnings: {}, appium:webStorageEnabled: false, platformName: ANDROID}
Session ID: f6bc5279-c125-478e-85cc-2fb5e092a220
<b>❌ An error occurred while verifying element visibility:</b> Expected condition failed: waiting for presence of element located by: By.xpath: //android.widget.FrameLayout[@resource-id='android:id/content']/android.widget.FrameLayout/android.view.ViewGroup/android.view.ViewGroup/android.view.ViewGroup[2] (tried for 20 second(s) with 500 milliseconds interval)
✅Successfully clicked on the cancel button , 
<b>✅ Pressed the Android system Back button.</b>
<b>✅ Clicked on the 'Pay to Mobile Number' TextView.</b>
<b>⏱ Execution Time for clickPayToMobileNumber(): 4518 ms</b>
✅ Clicked and entered number in the 'Enter Number / Name' EditText field.
<b>⏱ Execution Time for clickEditTextField(): 2585 ms</b>
✅ Successfully clicked on the specified name ('Tap to pay').
<b>⏱ Execution Time for clickIfNameAppears(): 5166 ms</b>
✅ Entered amount: 10
<b>⏱ Execution Time for enterAmount(): 3398 ms</b>
✅ Clicked on 'Bitcoin, BTC, Bitcoin Mainnet'.
<b>⏱ Execution Time for clickBitcoinElement(): 2152 ms</b>
✅ Successfully clicked on USDC checkbox.
<b>⏱ Execution Time for clickUSDCElement(): 7038 ms</b>
✅ Clicked on 'Confirm' button.
<b>⏱ Execution Time for clickConfirmButton(): 521 ms</b>
✅ Pay Button Found. Clicking on it...
✅ Pay Button Clicked Successfully
<b>⏱ Execution Time for clickOnPayButton(): 1585 ms</b>
✅ Successfully entered PIN: 2580
🔢 Entered PIN: 2580
<b>✅ Clicked on 'Submit' button in UCPI page.</b>
✅ PIN accepted: 2580, proceeding to the next page.
<b>❌ An error occurred while clicking 'Submit' button: </b>An element could not be located on the page using the given search parameters.
For documentation on this error, please visit: https://www.selenium.dev/documentation/webdriver/troubleshooting/errors#no-such-element-exception
Build info: version: '4.29.0', revision: '5fc1ec94cb'
System info: os.name: 'Windows 10', os.arch: 'amd64', os.version: '10.0', java.version: '23.0.2'
Driver info: io.appium.java_client.android.AndroidDriver
Command: [f6bc5279-c125-478e-85cc-2fb5e092a220, findElement {using=xpath, value=//android.widget.TextView[@text="Submit"]}]
Capabilities {appium:app: C://Users//hp//Downloads//P..., appium:appActivity: com.paycio.MainActivity, appium:appPackage: com.paycio, appium:automationName: UIAutomator2, appium:databaseEnabled: false, appium:desired: {app: C://Users//hp//Downloads//P..., automationName: UIAutomator2, deviceName: Vivo I2208 API 34, fullReset: false, noReset: true, platformName: ANDROID}, appium:deviceApiLevel: 34, appium:deviceManufacturer: vivo, appium:deviceModel: I2208, appium:deviceName: 10BD6C0Z8R000Y5, appium:deviceScreenDensity: 440, appium:deviceScreenSize: 1080x2408, appium:deviceUDID: 10BD6C0Z8R000Y5, appium:fullReset: false, appium:javascriptEnabled: true, appium:locationContextEnabled: false, appium:networkConnectionEnabled: true, appium:noReset: true, appium:pixelRatio: 2.75, appium:platformVersion: 14, appium:statBarHeight: 88, appium:takesScreenshot: true, appium:viewportRect: {height: 2320, left: 0, top: 88, width: 1080}, appium:warnings: {}, appium:webStorageEnabled: false, platformName: ANDROID}
Session ID: f6bc5279-c125-478e-85cc-2fb5e092a220
✅ Transaction Success Message Displayed: Transaction Successfull
<b>⏱ Execution Time for verifyTransactionSuccess(): 5606 ms</b>
✅Successfully clicked on the cancel button , 
<b>✅ Pressed the Android system Back button.</b>
<b>✅ Pressed the Android system Back button.</b>
<b>✅ Clicked on the 'Pay Contacts / Address' TextView.</b>
✅ Clicked and entered contact name in the 'Enter Number / Name' EditText field.
<b>⏱ Execution Time for clickEditTextField(): 4328 ms</b>
✅ Successfully clicked on the specified contact ('Subbu Paycio, 6304869664').
<b>⏱ Execution Time for clickIfNameAppearsForContacts(): 2269 ms</b>
✅ Entered amount: 10
<b>⏱ Execution Time for enterAmount(): 3468 ms</b>
✅ Clicked on 'Bitcoin, BTC, Bitcoin Mainnet'.
<b>⏱ Execution Time for clickBitcoinElement(): 2443 ms</b>
✅ Successfully clicked on USDC checkbox.
<b>⏱ Execution Time for clickUSDCElement(): 6295 ms</b>
✅ Clicked on 'Confirm' button.
<b>⏱ Execution Time for clickConfirmButton(): 625 ms</b>
✅ Pay Button Found. Clicking on it...
✅ Pay Button Clicked Successfully
<b>⏱ Execution Time for clickOnPayButton(): 1041 ms</b>
✅ Successfully entered PIN: 2580
🔢 Entered PIN: 2580
<b>✅ Clicked on 'Submit' button in UCPI page.</b>
✅ PIN accepted: 2580, proceeding to the next page.
<b>❌ An error occurred while clicking 'Submit' button: </b>An element could not be located on the page using the given search parameters.
For documentation on this error, please visit: https://www.selenium.dev/documentation/webdriver/troubleshooting/errors#no-such-element-exception
Build info: version: '4.29.0', revision: '5fc1ec94cb'
System info: os.name: 'Windows 10', os.arch: 'amd64', os.version: '10.0', java.version: '23.0.2'
Driver info: io.appium.java_client.android.AndroidDriver
Command: [f6bc5279-c125-478e-85cc-2fb5e092a220, findElement {using=xpath, value=//android.widget.TextView[@text="Submit"]}]
Capabilities {appium:app: C://Users//hp//Downloads//P..., appium:appActivity: com.paycio.MainActivity, appium:appPackage: com.paycio, appium:automationName: UIAutomator2, appium:databaseEnabled: false, appium:desired: {app: C://Users//hp//Downloads//P..., automationName: UIAutomator2, deviceName: Vivo I2208 API 34, fullReset: false, noReset: true, platformName: ANDROID}, appium:deviceApiLevel: 34, appium:deviceManufacturer: vivo, appium:deviceModel: I2208, appium:deviceName: 10BD6C0Z8R000Y5, appium:deviceScreenDensity: 440, appium:deviceScreenSize: 1080x2408, appium:deviceUDID: 10BD6C0Z8R000Y5, appium:fullReset: false, appium:javascriptEnabled: true, appium:locationContextEnabled: false, appium:networkConnectionEnabled: true, appium:noReset: true, appium:pixelRatio: 2.75, appium:platformVersion: 14, appium:statBarHeight: 88, appium:takesScreenshot: true, appium:viewportRect: {height: 2320, left: 0, top: 88, width: 1080}, appium:warnings: {}, appium:webStorageEnabled: false, platformName: ANDROID}
Session ID: f6bc5279-c125-478e-85cc-2fb5e092a220
✅ Transaction Success Message Displayed: Transaction Successfull
<b>⏱ Execution Time for verifyTransactionSuccess(): 5670 ms</b>
✅Successfully clicked on the cancel button , 
<b>✅ Pressed the Android system Back button.</b>
<b>✅ Pressed the Android system Back button.</b>
<b>✅ Clicked on the 'Receive Funds' TextView.</b>
✅ 'Copy' button is displayed with text: Copy
✅ 'Set Amount' button is displayed with text: Set Amount
✅ 'Share' button is displayed with text: Share
<br><img src='screenshots/Button_Verification.png' height='400' width='250'/><br>
✅ Successfully clicked on the 'Set Amount' button.
✅ Successfully clicked on the 'Set Amount' edit field.
✅ Successfully entered amount: 10.
✅ OK Button is clickable.
✅ Successfully clicked on the OK Button.]]>
  </system-out>
</testsuite> <!-- Tests.OperationsTest -->
