<?xml version="1.0" encoding="UTF-8"?>
<!-- Generated by org.testng.reporters.JUnitReportReporter -->
<testsuite hostname="DESKTOP-FQ8REV2" failures="1" tests="1" name="Tests.WalletWithdraw" time="156.655" errors="0" timestamp="2025-04-10T12:33:29 IST" skipped="0">
  <testcase classname="Tests.WalletWithdraw" name="Wallet_WithDraw_Scenario" time="156.655">
    <failure message="❌ Transaction success message verification failed: Expected condition failed: waiting for visibility of element located by By.xpath: //android.widget.TextView[@text=&#039;Transaction Successfull&#039;] (tried for 5 second(s) with 500 milliseconds interval)
Build info: version: &#039;4.31.0&#039;, revision: &#039;1ef9f18787*&#039;
System info: os.name: &#039;Windows 10&#039;, os.arch: &#039;amd64&#039;, os.version: &#039;10.0&#039;, java.version: &#039;23.0.2&#039;
Driver info: io.appium.java_client.android.AndroidDriver
Capabilities {appium:app: C://Users//hp//Downloads//P..., appium:appActivity: com.paycio.MainActivity, appium:appPackage: com.paycio, appium:automationName: UIAutomator2, appium:databaseEnabled: false, appium:desired: {app: C://Users//hp//Downloads//P..., automationName: UIAutomator2, deviceName: Vivo I2208 API 34, fullReset: false, noReset: true, platformName: ANDROID}, appium:deviceApiLevel: 34, appium:deviceManufacturer: vivo, appium:deviceModel: I2208, appium:deviceName: 10BD6C0Z8R000Y5, appium:deviceScreenDensity: 440, appium:deviceScreenSize: 1080x2408, appium:deviceUDID: 10BD6C0Z8R000Y5, appium:fullReset: false, appium:javascriptEnabled: true, appium:locationContextEnabled: false, appium:networkConnectionEnabled: true, appium:noReset: true, appium:pixelRatio: 2.75, appium:platformVersion: 14, appium:statBarHeight: 88, appium:takesScreenshot: true, appium:viewportRect: {height: 2320, left: 0, top: 88, width: 1080}, appium:warnings: {}, appium:webStorageEnabled: false, platformName: ANDROID}
Session ID: 3baddb11-19b6-449b-becf-9803430af859" type="java.lang.AssertionError">
      <![CDATA[java.lang.AssertionError: ❌ Transaction success message verification failed: Expected condition failed: waiting for visibility of element located by By.xpath: //android.widget.TextView[@text='Transaction Successfull'] (tried for 5 second(s) with 500 milliseconds interval)
Build info: version: '4.31.0', revision: '1ef9f18787*'
System info: os.name: 'Windows 10', os.arch: 'amd64', os.version: '10.0', java.version: '23.0.2'
Driver info: io.appium.java_client.android.AndroidDriver
Capabilities {appium:app: C://Users//hp//Downloads//P..., appium:appActivity: com.paycio.MainActivity, appium:appPackage: com.paycio, appium:automationName: UIAutomator2, appium:databaseEnabled: false, appium:desired: {app: C://Users//hp//Downloads//P..., automationName: UIAutomator2, deviceName: Vivo I2208 API 34, fullReset: false, noReset: true, platformName: ANDROID}, appium:deviceApiLevel: 34, appium:deviceManufacturer: vivo, appium:deviceModel: I2208, appium:deviceName: 10BD6C0Z8R000Y5, appium:deviceScreenDensity: 440, appium:deviceScreenSize: 1080x2408, appium:deviceUDID: 10BD6C0Z8R000Y5, appium:fullReset: false, appium:javascriptEnabled: true, appium:locationContextEnabled: false, appium:networkConnectionEnabled: true, appium:noReset: true, appium:pixelRatio: 2.75, appium:platformVersion: 14, appium:statBarHeight: 88, appium:takesScreenshot: true, appium:viewportRect: {height: 2320, left: 0, top: 88, width: 1080}, appium:warnings: {}, appium:webStorageEnabled: false, platformName: ANDROID}
Session ID: 3baddb11-19b6-449b-becf-9803430af859
at org.testng.Assert.fail(Assert.java:111)
at pages.OperationsButton.verifyTransactionSuccess(OperationsButton.java:881)
at Tests.WalletWithdraw.Wallet_WithDraw_Scenario(WalletWithdraw.java:63)
at java.base/jdk.internal.reflect.DirectMethodHandleAccessor.invoke(DirectMethodHandleAccessor.java:103)
at java.base/java.lang.reflect.Method.invoke(Method.java:580)
at org.testng.internal.invokers.MethodInvocationHelper.invokeMethod(MethodInvocationHelper.java:141)
at org.testng.internal.invokers.TestInvoker.invokeMethod(TestInvoker.java:686)
at org.testng.internal.invokers.TestInvoker.invokeTestMethod(TestInvoker.java:230)
at org.testng.internal.invokers.MethodRunner.runInSequence(MethodRunner.java:63)
at org.testng.internal.invokers.TestInvoker$MethodInvocationAgent.invoke(TestInvoker.java:992)
at org.testng.internal.invokers.TestInvoker.invokeTestMethods(TestInvoker.java:203)
at org.testng.internal.invokers.TestMethodWorker.invokeTestMethods(TestMethodWorker.java:154)
at org.testng.internal.invokers.TestMethodWorker.run(TestMethodWorker.java:134)
at java.base/java.util.ArrayList.forEach(ArrayList.java:1597)
at org.testng.TestRunner.privateRun(TestRunner.java:739)
at org.testng.TestRunner.run(TestRunner.java:614)
at org.testng.SuiteRunner.runTest(SuiteRunner.java:421)
at org.testng.SuiteRunner.runSequentially(SuiteRunner.java:413)
at org.testng.SuiteRunner.privateRun(SuiteRunner.java:373)
at org.testng.SuiteRunner.run(SuiteRunner.java:312)
at org.testng.SuiteRunnerWorker.runSuite(SuiteRunnerWorker.java:52)
at org.testng.SuiteRunnerWorker.run(SuiteRunnerWorker.java:95)
at org.testng.TestNG.runSuitesSequentially(TestNG.java:1274)
at org.testng.TestNG.runSuitesLocally(TestNG.java:1208)
at org.testng.TestNG.runSuites(TestNG.java:1112)
at org.testng.TestNG.run(TestNG.java:1079)
at com.intellij.rt.testng.IDEARemoteTestNG.run(IDEARemoteTestNG.java:65)
at com.intellij.rt.testng.RemoteTestNGStarter.main(RemoteTestNGStarter.java:105)
]]>
    </failure>
    <system-out>
      <![CDATA[Clicked the 'Wallet' button.
Successfully clicked the 'Withdraw' button.
Clicked on USDC TextView
✅ Clicked on 'Send via Phone Number' option
✅ User name text 'Bandaru Yoganandham' is visible.
<b>✅ Entered withdraw amount: <font color='blue'>0.1</font></b>
<b>✅ Clicked on the Submit button.</b>
✅ Successfully entered PIN: 2580
🔢 Entered PIN: 2580
<b>✅ Clicked on 'Submit' button in UCPI page.</b>
✅ No error message displayed after entering PIN: 2580
<b>❌ An error occurred while entering the withdrawal amount: </b>Expected condition failed: waiting for element to be clickable: Proxy element for: DefaultElementLocator 'By.xpath: //android.widget.EditText[@text='Minimum 10 USD']' (tried for 20 second(s) with 500 milliseconds interval)
<br><b>📸 Screenshot:</b><br><img src='screenshots/TransactionSuccess_20250410_123200.png' style='width:100%; border:1px solid #ddd; border-radius:4px; padding:5px;'/><br>
✅ Transaction Success Message Displayed: Transaction Successfull
<b>⏱ Execution Time for verifyTransactionSuccess(): 6023 ms</b>
✅Successfully clicked on the cancel button , 
Clicked on USDC TextView
cryptoNetwork element is clickable
Clicked on cryptoNetwork element
Crypto address entered successfully: 0xA5385D4052De470350DAcf00eC68fb0BFaeD4f29
<b>✅ Entered withdraw amount: <font color='blue'>0.1</font></b>
<b>✅ Clicked on the Submit button.</b>
✅ Successfully entered PIN: 2580
🔢 Entered PIN: 2580
<b>✅ Clicked on 'Submit' button in UCPI page.</b>
✅ No error message displayed after entering PIN: 2580
<b>❌ Error: Submit button not found or not clickable. </b>An element could not be located on the page using the given search parameters.
For documentation on this error, please visit: https://www.selenium.dev/documentation/webdriver/troubleshooting/errors#no-such-element-exception
Build info: version: '4.31.0', revision: '1ef9f18787*'
System info: os.name: 'Windows 10', os.arch: 'amd64', os.version: '10.0', java.version: '23.0.2'
Driver info: io.appium.java_client.android.AndroidDriver
Command: [3baddb11-19b6-449b-becf-9803430af859, findElement {value=new UiSelector().className("android.widget.TextView").text(" Submit"), using=-android uiautomator}]
Capabilities {appium:app: C://Users//hp//Downloads//P..., appium:appActivity: com.paycio.MainActivity, appium:appPackage: com.paycio, appium:automationName: UIAutomator2, appium:databaseEnabled: false, appium:desired: {app: C://Users//hp//Downloads//P..., automationName: UIAutomator2, deviceName: Vivo I2208 API 34, fullReset: false, noReset: true, platformName: ANDROID}, appium:deviceApiLevel: 34, appium:deviceManufacturer: vivo, appium:deviceModel: I2208, appium:deviceName: 10BD6C0Z8R000Y5, appium:deviceScreenDensity: 440, appium:deviceScreenSize: 1080x2408, appium:deviceUDID: 10BD6C0Z8R000Y5, appium:fullReset: false, appium:javascriptEnabled: true, appium:locationContextEnabled: false, appium:networkConnectionEnabled: true, appium:noReset: true, appium:pixelRatio: 2.75, appium:platformVersion: 14, appium:statBarHeight: 88, appium:takesScreenshot: true, appium:viewportRect: {height: 2320, left: 0, top: 88, width: 1080}, appium:warnings: {}, appium:webStorageEnabled: false, platformName: ANDROID}
Session ID: 3baddb11-19b6-449b-becf-9803430af859
<br><b>📸 Screenshot:</b><br><img src='screenshots/TransactionSuccess_20250410_123243.png' style='width:100%; border:1px solid #ddd; border-radius:4px; padding:5px;'/><br>
✅ Transaction Success Message Displayed: Transaction Successfull
<b>⏱ Execution Time for verifyTransactionSuccess(): 6753 ms</b>
✅Successfully clicked on the cancel button , 
Clicked on USDC TextView
✅ Clicked on 'Send via Paycio ID' successfully.
✅ Entered PayCio User ID: 919652096580
<b>✅ Entered withdraw amount: <font color='blue'>0.1</font></b>
<b>✅ Clicked on the Submit button.</b>
✅ Successfully entered PIN: 2580
🔢 Entered PIN: 2580
<b>❌ An error occurred while clicking 'Submit' button: </b>An element could not be located on the page using the given search parameters.
For documentation on this error, please visit: https://www.selenium.dev/documentation/webdriver/troubleshooting/errors#no-such-element-exception
Build info: version: '4.31.0', revision: '1ef9f18787*'
System info: os.name: 'Windows 10', os.arch: 'amd64', os.version: '10.0', java.version: '23.0.2'
Driver info: io.appium.java_client.android.AndroidDriver
Command: [3baddb11-19b6-449b-becf-9803430af859, findElement {value=//android.widget.TextView[@text="Submit"], using=xpath}]
Capabilities {appium:app: C://Users//hp//Downloads//P..., appium:appActivity: com.paycio.MainActivity, appium:appPackage: com.paycio, appium:automationName: UIAutomator2, appium:databaseEnabled: false, appium:desired: {app: C://Users//hp//Downloads//P..., automationName: UIAutomator2, deviceName: Vivo I2208 API 34, fullReset: false, noReset: true, platformName: ANDROID}, appium:deviceApiLevel: 34, appium:deviceManufacturer: vivo, appium:deviceModel: I2208, appium:deviceName: 10BD6C0Z8R000Y5, appium:deviceScreenDensity: 440, appium:deviceScreenSize: 1080x2408, appium:deviceUDID: 10BD6C0Z8R000Y5, appium:fullReset: false, appium:javascriptEnabled: true, appium:locationContextEnabled: false, appium:networkConnectionEnabled: true, appium:noReset: true, appium:pixelRatio: 2.75, appium:platformVersion: 14, appium:statBarHeight: 88, appium:takesScreenshot: true, appium:viewportRect: {height: 2320, left: 0, top: 88, width: 1080}, appium:warnings: {}, appium:webStorageEnabled: false, platformName: ANDROID}
Session ID: 3baddb11-19b6-449b-becf-9803430af859
✅ No error message displayed after entering PIN: 2580
<b>❌ Error: Submit button not found or not clickable. </b>An element could not be located on the page using the given search parameters.
For documentation on this error, please visit: https://www.selenium.dev/documentation/webdriver/troubleshooting/errors#no-such-element-exception
Build info: version: '4.31.0', revision: '1ef9f18787*'
System info: os.name: 'Windows 10', os.arch: 'amd64', os.version: '10.0', java.version: '23.0.2'
Driver info: io.appium.java_client.android.AndroidDriver
Command: [3baddb11-19b6-449b-becf-9803430af859, findElement {value=new UiSelector().className("android.widget.TextView").text(" Submit"), using=-android uiautomator}]
Capabilities {appium:app: C://Users//hp//Downloads//P..., appium:appActivity: com.paycio.MainActivity, appium:appPackage: com.paycio, appium:automationName: UIAutomator2, appium:databaseEnabled: false, appium:desired: {app: C://Users//hp//Downloads//P..., automationName: UIAutomator2, deviceName: Vivo I2208 API 34, fullReset: false, noReset: true, platformName: ANDROID}, appium:deviceApiLevel: 34, appium:deviceManufacturer: vivo, appium:deviceModel: I2208, appium:deviceName: 10BD6C0Z8R000Y5, appium:deviceScreenDensity: 440, appium:deviceScreenSize: 1080x2408, appium:deviceUDID: 10BD6C0Z8R000Y5, appium:fullReset: false, appium:javascriptEnabled: true, appium:locationContextEnabled: false, appium:networkConnectionEnabled: true, appium:noReset: true, appium:pixelRatio: 2.75, appium:platformVersion: 14, appium:statBarHeight: 88, appium:takesScreenshot: true, appium:viewportRect: {height: 2320, left: 0, top: 88, width: 1080}, appium:warnings: {}, appium:webStorageEnabled: false, platformName: ANDROID}
Session ID: 3baddb11-19b6-449b-becf-9803430af859
❌ Transaction success message not found: Expected condition failed: waiting for visibility of element located by By.xpath: //android.widget.TextView[@text='Transaction Successfull'] (tried for 5 second(s) with 500 milliseconds interval)
Build info: version: '4.31.0', revision: '1ef9f18787*'
System info: os.name: 'Windows 10', os.arch: 'amd64', os.version: '10.0', java.version: '23.0.2'
Driver info: io.appium.java_client.android.AndroidDriver
Capabilities {appium:app: C://Users//hp//Downloads//P..., appium:appActivity: com.paycio.MainActivity, appium:appPackage: com.paycio, appium:automationName: UIAutomator2, appium:databaseEnabled: false, appium:desired: {app: C://Users//hp//Downloads//P..., automationName: UIAutomator2, deviceName: Vivo I2208 API 34, fullReset: false, noReset: true, platformName: ANDROID}, appium:deviceApiLevel: 34, appium:deviceManufacturer: vivo, appium:deviceModel: I2208, appium:deviceName: 10BD6C0Z8R000Y5, appium:deviceScreenDensity: 440, appium:deviceScreenSize: 1080x2408, appium:deviceUDID: 10BD6C0Z8R000Y5, appium:fullReset: false, appium:javascriptEnabled: true, appium:locationContextEnabled: false, appium:networkConnectionEnabled: true, appium:noReset: true, appium:pixelRatio: 2.75, appium:platformVersion: 14, appium:statBarHeight: 88, appium:takesScreenshot: true, appium:viewportRect: {height: 2320, left: 0, top: 88, width: 1080}, appium:warnings: {}, appium:webStorageEnabled: false, platformName: ANDROID}
Session ID: 3baddb11-19b6-449b-becf-9803430af859
<b>⏱ Execution Time for verifyTransactionSuccess(): 11936 ms</b>
📷 Screenshot [FAIL]: <a href='test-output/screenshots/Wallet_WithDraw_Scenario_FAIL_20250410_123326.png'>View</a>]]>
    </system-out>
  </testcase> <!-- Wallet_WithDraw_Scenario -->
  <system-out>
    <![CDATA[Clicked the 'Wallet' button.
Successfully clicked the 'Withdraw' button.
Clicked on USDC TextView
✅ Clicked on 'Send via Phone Number' option
✅ User name text 'Bandaru Yoganandham' is visible.
<b>✅ Entered withdraw amount: <font color='blue'>0.1</font></b>
<b>✅ Clicked on the Submit button.</b>
✅ Successfully entered PIN: 2580
🔢 Entered PIN: 2580
<b>✅ Clicked on 'Submit' button in UCPI page.</b>
✅ No error message displayed after entering PIN: 2580
<b>❌ An error occurred while entering the withdrawal amount: </b>Expected condition failed: waiting for element to be clickable: Proxy element for: DefaultElementLocator 'By.xpath: //android.widget.EditText[@text='Minimum 10 USD']' (tried for 20 second(s) with 500 milliseconds interval)
<br><b>📸 Screenshot:</b><br><img src='screenshots/TransactionSuccess_20250410_123200.png' style='width:100%; border:1px solid #ddd; border-radius:4px; padding:5px;'/><br>
✅ Transaction Success Message Displayed: Transaction Successfull
<b>⏱ Execution Time for verifyTransactionSuccess(): 6023 ms</b>
✅Successfully clicked on the cancel button , 
Clicked on USDC TextView
cryptoNetwork element is clickable
Clicked on cryptoNetwork element
Crypto address entered successfully: 0xA5385D4052De470350DAcf00eC68fb0BFaeD4f29
<b>✅ Entered withdraw amount: <font color='blue'>0.1</font></b>
<b>✅ Clicked on the Submit button.</b>
✅ Successfully entered PIN: 2580
🔢 Entered PIN: 2580
<b>✅ Clicked on 'Submit' button in UCPI page.</b>
✅ No error message displayed after entering PIN: 2580
<b>❌ Error: Submit button not found or not clickable. </b>An element could not be located on the page using the given search parameters.
For documentation on this error, please visit: https://www.selenium.dev/documentation/webdriver/troubleshooting/errors#no-such-element-exception
Build info: version: '4.31.0', revision: '1ef9f18787*'
System info: os.name: 'Windows 10', os.arch: 'amd64', os.version: '10.0', java.version: '23.0.2'
Driver info: io.appium.java_client.android.AndroidDriver
Command: [3baddb11-19b6-449b-becf-9803430af859, findElement {value=new UiSelector().className("android.widget.TextView").text(" Submit"), using=-android uiautomator}]
Capabilities {appium:app: C://Users//hp//Downloads//P..., appium:appActivity: com.paycio.MainActivity, appium:appPackage: com.paycio, appium:automationName: UIAutomator2, appium:databaseEnabled: false, appium:desired: {app: C://Users//hp//Downloads//P..., automationName: UIAutomator2, deviceName: Vivo I2208 API 34, fullReset: false, noReset: true, platformName: ANDROID}, appium:deviceApiLevel: 34, appium:deviceManufacturer: vivo, appium:deviceModel: I2208, appium:deviceName: 10BD6C0Z8R000Y5, appium:deviceScreenDensity: 440, appium:deviceScreenSize: 1080x2408, appium:deviceUDID: 10BD6C0Z8R000Y5, appium:fullReset: false, appium:javascriptEnabled: true, appium:locationContextEnabled: false, appium:networkConnectionEnabled: true, appium:noReset: true, appium:pixelRatio: 2.75, appium:platformVersion: 14, appium:statBarHeight: 88, appium:takesScreenshot: true, appium:viewportRect: {height: 2320, left: 0, top: 88, width: 1080}, appium:warnings: {}, appium:webStorageEnabled: false, platformName: ANDROID}
Session ID: 3baddb11-19b6-449b-becf-9803430af859
<br><b>📸 Screenshot:</b><br><img src='screenshots/TransactionSuccess_20250410_123243.png' style='width:100%; border:1px solid #ddd; border-radius:4px; padding:5px;'/><br>
✅ Transaction Success Message Displayed: Transaction Successfull
<b>⏱ Execution Time for verifyTransactionSuccess(): 6753 ms</b>
✅Successfully clicked on the cancel button , 
Clicked on USDC TextView
✅ Clicked on 'Send via Paycio ID' successfully.
✅ Entered PayCio User ID: 919652096580
<b>✅ Entered withdraw amount: <font color='blue'>0.1</font></b>
<b>✅ Clicked on the Submit button.</b>
✅ Successfully entered PIN: 2580
🔢 Entered PIN: 2580
<b>❌ An error occurred while clicking 'Submit' button: </b>An element could not be located on the page using the given search parameters.
For documentation on this error, please visit: https://www.selenium.dev/documentation/webdriver/troubleshooting/errors#no-such-element-exception
Build info: version: '4.31.0', revision: '1ef9f18787*'
System info: os.name: 'Windows 10', os.arch: 'amd64', os.version: '10.0', java.version: '23.0.2'
Driver info: io.appium.java_client.android.AndroidDriver
Command: [3baddb11-19b6-449b-becf-9803430af859, findElement {value=//android.widget.TextView[@text="Submit"], using=xpath}]
Capabilities {appium:app: C://Users//hp//Downloads//P..., appium:appActivity: com.paycio.MainActivity, appium:appPackage: com.paycio, appium:automationName: UIAutomator2, appium:databaseEnabled: false, appium:desired: {app: C://Users//hp//Downloads//P..., automationName: UIAutomator2, deviceName: Vivo I2208 API 34, fullReset: false, noReset: true, platformName: ANDROID}, appium:deviceApiLevel: 34, appium:deviceManufacturer: vivo, appium:deviceModel: I2208, appium:deviceName: 10BD6C0Z8R000Y5, appium:deviceScreenDensity: 440, appium:deviceScreenSize: 1080x2408, appium:deviceUDID: 10BD6C0Z8R000Y5, appium:fullReset: false, appium:javascriptEnabled: true, appium:locationContextEnabled: false, appium:networkConnectionEnabled: true, appium:noReset: true, appium:pixelRatio: 2.75, appium:platformVersion: 14, appium:statBarHeight: 88, appium:takesScreenshot: true, appium:viewportRect: {height: 2320, left: 0, top: 88, width: 1080}, appium:warnings: {}, appium:webStorageEnabled: false, platformName: ANDROID}
Session ID: 3baddb11-19b6-449b-becf-9803430af859
✅ No error message displayed after entering PIN: 2580
<b>❌ Error: Submit button not found or not clickable. </b>An element could not be located on the page using the given search parameters.
For documentation on this error, please visit: https://www.selenium.dev/documentation/webdriver/troubleshooting/errors#no-such-element-exception
Build info: version: '4.31.0', revision: '1ef9f18787*'
System info: os.name: 'Windows 10', os.arch: 'amd64', os.version: '10.0', java.version: '23.0.2'
Driver info: io.appium.java_client.android.AndroidDriver
Command: [3baddb11-19b6-449b-becf-9803430af859, findElement {value=new UiSelector().className("android.widget.TextView").text(" Submit"), using=-android uiautomator}]
Capabilities {appium:app: C://Users//hp//Downloads//P..., appium:appActivity: com.paycio.MainActivity, appium:appPackage: com.paycio, appium:automationName: UIAutomator2, appium:databaseEnabled: false, appium:desired: {app: C://Users//hp//Downloads//P..., automationName: UIAutomator2, deviceName: Vivo I2208 API 34, fullReset: false, noReset: true, platformName: ANDROID}, appium:deviceApiLevel: 34, appium:deviceManufacturer: vivo, appium:deviceModel: I2208, appium:deviceName: 10BD6C0Z8R000Y5, appium:deviceScreenDensity: 440, appium:deviceScreenSize: 1080x2408, appium:deviceUDID: 10BD6C0Z8R000Y5, appium:fullReset: false, appium:javascriptEnabled: true, appium:locationContextEnabled: false, appium:networkConnectionEnabled: true, appium:noReset: true, appium:pixelRatio: 2.75, appium:platformVersion: 14, appium:statBarHeight: 88, appium:takesScreenshot: true, appium:viewportRect: {height: 2320, left: 0, top: 88, width: 1080}, appium:warnings: {}, appium:webStorageEnabled: false, platformName: ANDROID}
Session ID: 3baddb11-19b6-449b-becf-9803430af859
❌ Transaction success message not found: Expected condition failed: waiting for visibility of element located by By.xpath: //android.widget.TextView[@text='Transaction Successfull'] (tried for 5 second(s) with 500 milliseconds interval)
Build info: version: '4.31.0', revision: '1ef9f18787*'
System info: os.name: 'Windows 10', os.arch: 'amd64', os.version: '10.0', java.version: '23.0.2'
Driver info: io.appium.java_client.android.AndroidDriver
Capabilities {appium:app: C://Users//hp//Downloads//P..., appium:appActivity: com.paycio.MainActivity, appium:appPackage: com.paycio, appium:automationName: UIAutomator2, appium:databaseEnabled: false, appium:desired: {app: C://Users//hp//Downloads//P..., automationName: UIAutomator2, deviceName: Vivo I2208 API 34, fullReset: false, noReset: true, platformName: ANDROID}, appium:deviceApiLevel: 34, appium:deviceManufacturer: vivo, appium:deviceModel: I2208, appium:deviceName: 10BD6C0Z8R000Y5, appium:deviceScreenDensity: 440, appium:deviceScreenSize: 1080x2408, appium:deviceUDID: 10BD6C0Z8R000Y5, appium:fullReset: false, appium:javascriptEnabled: true, appium:locationContextEnabled: false, appium:networkConnectionEnabled: true, appium:noReset: true, appium:pixelRatio: 2.75, appium:platformVersion: 14, appium:statBarHeight: 88, appium:takesScreenshot: true, appium:viewportRect: {height: 2320, left: 0, top: 88, width: 1080}, appium:warnings: {}, appium:webStorageEnabled: false, platformName: ANDROID}
Session ID: 3baddb11-19b6-449b-becf-9803430af859
<b>⏱ Execution Time for verifyTransactionSuccess(): 11936 ms</b>
📷 Screenshot [FAIL]: <a href='test-output/screenshots/Wallet_WithDraw_Scenario_FAIL_20250410_123326.png'>View</a>]]>
  </system-out>
</testsuite> <!-- Tests.WalletWithdraw -->
